Found!ကနေ ့	ကနေ့
Found!ကလဝိကင််	ကလဝိကင်
Found!ကလိဂင််	ကလိဂင်
Found!ကလိဂင််ရ	ကလိဂင်ရ
Found!ခရေးတွေ	ကလေးတွေ
Found!ကလေးသူကယ်	ကလေးသူငယ်
Found!ကလော်ထုတ်ခြင်တော့တာပါဘဲ	ကလော်ထုတ်ချင်တော့တာပါဘဲ
Found!ကာကွယ်နိ်ုင်အောင်	ကာကွယ်နိုင်အောင်
Found!ကာရကံရှင်	ကာယကံရှင်
Found!ကါရဂ ံရှင်	ကာယကံရှင်
Found!ကာရဝေလ႞	ကာရဝေလ
Found!ကာဠသုတၩ	ကာဠသုတ
Found!ကားကျပ်တာရယ်	ကားကြပ်တာရယ်
Found!ကားမောင်သမား	ကားမောင်းသမား
Found!ကိလဥ်ဇ	ကိလဉ်ဇ
Found!ကုရုဂင််	ကုရုဂင်
Found!ကုူညီစောင့်ရှောက်ရမှာပေါ့	ကူညီစောင့်ရှောက်ရမှာပေါ့
Found!ကူးသွားပါတယျ	ကူးသွားပါတယ်
Found!ကော်မီတိ	ကော်မတီ
Found!ကော်မီတီ	ကော်မတီ
Found!ကိုကိုဂြာီး	ကိုကိုကြီး
Found!ကိုကော	ကိုရော
Found!ကိုလံဘီယား	ကိုလံဘီယာ
Found!ကိုးကန် ့	ကိုးကန့်
Found!ကောက်ကိုင်လိ်ုက်မိသည်	ကောက်ကိုင်လိုက်မိသည်
Found!ကောင်းကျပါတယ်	ကောင်းကြပါတယ်
Found!ကိုင်တယ်ဖြေရှင်းပေးဖို့	ကိုင်တွယ်ဖြေရှင်းပေးဖို့
Found!ဂဏဍ္ဍ	ကဏ္ဏ
Found!ကပ်ပြား	ကဒ်ပြား
Found!ကန်းတော့ပါသည်	ကန်တော့ပါသည်
Found!ကုန်ကျမ်း	ကုန်ကြမ်း
Found!ကုန်ဆုံးပြိး	ကုန်ဆုံးပြီး
Found!ကုန် ပစ္စည် း	ကုန် ပစ္စည်း
Found!ကုတ်သွယ်ရေး	ကုန်သွယ်ရေး
Found!ကပ်နေပါဘီနော်	ကပ်နေပါပြီနော်
Found!ကတ်မှီသွားနဲ့	ကပ်မှီသွားနဲ့
Found!ကမ္ဘာ့ကျော်	ကမ္ဘာကျော်
Found!ကိ်ုယ် 	ကိုယ် 
Found!ကို်ယ်	ကိုယ်
Found!ကိုယ်ကျိူး	ကိုယ်ကျိုး
Found!ကိုယ်ကြိုး	ကိုယ်ကျိုး
Found!ကိုယ်ခြင်းစာ	ကိုယ်ချင်းစာ
Found!ကိုယ်ချင်းစာကြည့်စေချင်တယ််	ကိုယ်ချင်းစာကြည့်စေချင်တယ်
Found!ကိုယ်စားလည်	ကိုယ်စားလှယ်
Found!ကိုယ်စီကိုယ်ဌ	ကိုယ်စီကိုယ်ငှ
Found!ကိ်ုယ်စီနဲ့	ကိုယ်စီနဲ့
Found!ကိုယ့်တိုင်ကစပြီး	ကိုယ်တိုင်ကစပြီး
Found!ကိုယ်တိ်ုင်ကိုယ်ကျ	ကိုယ်တိုင်ကိုယ်ကျ
Found!ကိုယ်တိုင်ဘဲ	ကိုယ်တိုင်ပဲ
Found!ကိ်ုယ်တိုင်လည်း	ကိုယ်တိုင်လည်း
Found!ကိုယ်လုံုးတီး	ကိုယ်လုံးတီး
Found!ကိိုယ်ဟာ 	ကိုယ်ဟာ 
Found!ကိုယ်အလေးချိ်န်	ကိုယ်အလေးချိန်
Found!ကိ်ုယ့်	ကိုယ့်
Found!ကိုယ့်အသိစိတ်နဲ့ကိုုယ်	ကိုယ့်အသိစိတ်နဲ့ကိုယ်
Found!ကြေနပ်တာမဟုတ်ဘူး	ကျေနပ်တာမဟုတ်ဘူး
Found!ကြေနပ်နိုင်မှု	ကျေနပ်နိုင်မှု
Found!ကျေးကျွှန်	ကျေးကျွန်
Found!ကျေးဂျူးတင်ပါတယ်	ကျေးဇူးတင်ပါတယ်
Found!ကျေးရွာကိ်ု	ကျေးရွာကို
Found!ကျေး၇ွာ	ကျေးရွာ
Found!ကျော်လွှာ	ကျော်လွှား
Found!ကြက်သရေ	ကျက်သရေ
Found!ကျော်း	ကျောင်း
Found!ကျောင် း	ကျောင်း
Found!ကျောင်းရောက်နေပါပီဏော်	ကျောင်းရောက်နေပါပီနော်
Found!ကျောင် းသား	ကျောင်းသား
Found!ကျောင်းသားတွေဘဲ	ကျောင်းသားတွေပဲ
Found!ကျောင်းသားနဲ့ဘဲ	ကျောင်းသားနဲ့ပဲ
Found!ကျောင်းသွားနေကျ	ကျောင်းသွားနေကြ
Found!ကျောင်အုပ်	ကျောင်းအုပ်
Found!ကျမ်းမာရေး	ကျန်းမာရေး
Found!ကျန်းမာရေးဘတ်	ကျန်းမာရေးဘက်
Found!ကျုပ်တို ့က	ကျုပ်တို့က
Found!ကျုပ်တို ့	ကျုပ်တို့
Found!ကြျသွားခဲ့ပါတယ်	ကြသွားခဲ့ပါတယ်
Found!ကြာတော့မှာ	ကြာတော့မှ
Found!ကြာပီ	ကြာပြီ
Found!ကြားခဲ့၇တော့တာပါပဲ	ကြားခဲ့ရတော့တာပါပဲ
Found!ကြားဘူးတယ်	ကြားဖူးတယ်
Found!ကြီးဆိုးလာနိုင်တယ်	ကြီးစိုးလာနိုင်တယ်
Found!ကြိးတာ	ကြီးတာ
Found!ကြီးပြင်းခဲရ	ကြီးပြင်းခဲ့ရ
Found!ကြီးပြင်းခဲ့၇တဲ့	ကြီးပြင်းခဲ့ရတဲ့
Found!ကြိးပြင်းခဲ့၇တယ်	ကြီးပြင်းခဲ့ရတယ်
Found!ကျေညာ	ကြေညာ
Found!ကျေညာချက်	ကြေညာချက်
Found!ကြော် ညာပေးခြင် း	ကြော် ညာပေးခြင်း
Found!ကြော် ညာပေးရင် း 	ကြော် ညာပေးရင်း 
Found!ကြိုတင်ပြင်ဆင်ချျိန်	ကြိုတင်ပြင်ဆင်ချိန်
Found!ုကြိုးစားစရာတွေကို	ကြိုးစားစရာတွေကို
Found!ကျိုးစားပြီး	ကြိုးစားပြီး
Found!ကြိုးစာရှာရ	ကြိုးစားရှာရ
Found!ကြိုးပမ်းမှေု	ကြိုးပမ်းမှု
Found!ကျိုးပမ်းမှုတွေ	ကြိုးပမ်းမှုတွေ
Found!ကြောက်ရွှံခြင်း	ကြောက်ရွှံ့ခြင်း
Found!ုကြည့်ကောင်းတာကျမတူတော့ဘူး	ကြည့်ကောင်းတာကျမတူတော့ဘူး
Found!ကြည့်ု	ကြည့်
Found!ကြည့်ဒဲ့သူ	ကြည့်တဲ့သူ
Found!ကြည့်တတ်ဘို 	ကြည့်တတ်ဖို့
Found!ကြည့်နေမယ့်	ကြည့်နေမယ့်
Found!ကြည်ပါမယ်	ကြည့်ပါမယ်
Found!ကြည့်ပါဦးဓ	ကြည့်ပါဦး
Found!ကြည့်ပီး	ကြည့်ပြီး
Found!ကြည့်ပြိး	ကြည့်ပြီး
Found!ကြည့်ပြေားစေချင်တယ်	ကြည့်ပြောစေချင်တယ်
Found!ကြည့်ရှူုသူ	ကြည့်ရှူသူ
Found!ကြည့်လျင်	ကြည့်လျှင်
Found!ကြုံဘူးတယ်	ကြုံဖူးတယ်
Found!ကြုံးသလို	ကြုံသလို
Found!ကွားမလည်း	ကွာမလည်း
Found!ကွန်ခရစ်တုံး	ကွန်ကရစ်တုံး
Found!ကွန်ပြူတာ	ကွန်ပျူတာ
Found!ကျွန်တော်တို ့ကို	ကျွန်တော်တို့ကို
Found!ကျန်နော်တို့	ကျွန်တော်တို့
Found!ကျွန်တော်တိ်ု့	ကျွန်တော်တို့
Found!ကျ့န်တော့်	ကျွန်တော့်
Found!ကျွန်မတို	ကျွန်မတို့
Found!ကျွမ် းကျင် တယ်	ကျွမ်းကျင် တယ်
Found!ကြွမ်းကျင်သူများ	ကျွမ်းကျင်သူများ
Found!ခနစောင့်	ခဏစောင့်
Found!ခဏထွက်ပီး	ခဏထွက်ပြီး
Found!ခများတို ့	ခဗျားတို့
Found!ခများတို ့	ခဗျားတို့
Found!ခရမ်းချည်	ခရမ်းချဉ်
Found!ခါးချိတ်လိ်ု့	ခါးချိတ်လို့
Found!၂၀၁၄ာခုနှစ် 	၂၀၁၄ ခုနှစ် 
Found!ခံနိုင်မူ	ခံနိုင်မှု
Found!ခိုလုံခဲ့ရတာ	ခိုလှုံခဲ့ရတာ
Found!ခိုစားတာ	ခိုးစားတာ
Found!ခက်ခဲလွမ်းပါတယ်	ခက်ခဲလွန်းပါတယ်
Found!ခိုင်းမိ	ခိုက်မိ
Found!ခင် ညွန် ့	ခင် ညွန့်
Found!ခင်ညွန် ့	ခင်ညွန့်
Found!ခင်ပီဆို	ခင်ပြီဆို
Found!ခင်ဗျားတို	ခင်ဗျားတို့
Found!ခေါင် း	ခေါင်း
Found!ခေါင်းစဥ်	ခေါင်းစဉ်
Found!ခိုင်ခံမှု	ခိုင်ခံ့မှု
Found!ခိုင်မလာခဲ့	ခိုင်မလာခဲ့
Found!ခုတ်ထည့်လိုပ်မယ်	ခုတ်ထည့်လိုက်မယ်
Found!ခန္ဓာကိ်ုယ်	ခန္ဓာကိုယ်
Found!ချို ့ယွင်းချက်	ချို့ယွင်းချက်
Found!ချိုးဖေါက်တာ	ချိုးဖောက်တာ
Found!ချိုးဖေါက်တာတွေ	ချိုးဖောက်တာတွေ
Found!ချုးဖောက်မှု	ချိုးဖောက်မှု
Found!ချိုးဖေါက်မှု	ချိုးဖောက်မှု
Found!ချက်ကျွေူးတာ	ချက်ကျွေးတာ
Found!ချစ်ခွန်းချိိုသာ	ချစ်ခွန်းချိုသာ
Found!ချစ်နိူင်	ချစ်နိုင်
Found!ချိန်မာ	ချိန်မှာ
Found!ချုပ်ကိ်ုင်တယ်	ချုပ်ကိုင်တယ်
Found!ခြေတောက်	ခြေထောက်
Found!ခြေထှောက်နဲ ့	ခြေထှောက်နဲ့
Found!ရ၇ ခြေမြန်တပ်မ	၇၇ ခြေမြန်တပ်မ
Found!ခြိမ်းချောက်	ခြိမ်းခြောက်
Found!ခြိမ်းချောက်မှု	ခြိမ်းခြောက်မှု
Found!ခွေဘေးမဲ့ခြံကြီး	ခွေးဘေးမဲ့ခြံကြီး
Found!ခွဲပေးမာလဲ	ခွဲပေးမှာလဲ
Found!ခွင့်မလွတ်ပါနဲ့	ခွင့်မလွှတ်ပါနဲ့
Found!ကရုစိုက်	ဂရုစိုက်
Found!ဂရုစိ်ုက်	ဂရုစိုက်
Found!ဂရံတိီကဒ်ပါ	ဂရံတီကဒ်ပါ
Found!ဂူအနံ့	ဂူအနှံ့
Found!ဂုဏယူချင်ရင် 	ဂုဏ်ယူချင်ရင် 
Found!ဂုဏ်လည်ယူပါတယ်	ဂုဏ်လည်းယူပါတယ်
Found!နာတို့ 	ငါတို့ 
Found!ငုံပြီ	ငုံပြီး
Found!ယေ်သေးတယ်လေ	ငယ်သေးတယ်လေ
Found!ညင်းခုံ	ငြင်းခုံ
Found!ငြိမ်တဲံ	ငြိမ်တဲ့
Found!ငြီမ်းချမ်း	ငြိမ်းချမ်း
Found!ငွေကြေား	ငွေကြေး
Found!ငွေဒါဏ်	ငွေဒဏ်
Found!ငွေရှာလာသည် ့	ငွေရှာလာသည့်
Found!ဌားလာရင်	ငှားလာရင်
Found!ဌားဝတ်လိုက်ရုံပေါ့	ငှားဝတ်လိုက်ရုံပေါ့
Found!စကားလူံး	စကားလုံး
Found!စတိတ်စဉ်	စတိတ်စင်
Found!စံပါးကြီး	စပါးကြီး
Found!စာတိုကုူးကြတာဖြစ်လို့ 	စာတိုကူးကြတာဖြစ်လို့ 
Found!စာတမ်းလမ်း	စာတမ်းလည်း
Found!စာမိက်နှာ	စာမျက်နှာ
Found!စာသင်မဲကိစ္စ	စာသင်မဲ့ကိစ္စ
Found!စာအိပ် 	စာအိတ်
Found!စားလိုးရသည်	စားလို့ရသည်
Found!စီစဉ်ပေးနိူင်	စီစဉ်ပေးနိုင်
Found!စီပွာရှာ	စီပွားရှာ
Found!စီးနှင် းသူ 	စီးနှင်းသူ 
Found!စိးပွားရေး	စီးပွားရေး
Found!စီးပွါးရေး	စီးပွားရေး
Found!စီးပွါးရေးဆိုင်ရာ	စီးပွားရေးဆိုင်ရာ
Found!စိ့းမိုးရေး	စိုးမိုးရေး
Found!စိုးရိမ်ကြောင့်ကျ	စိုးရိမ်ကြောင့်ကြ
Found!စိုးရိ်မ်	စိုးရိမ်
Found!စောက်ဟြေ	စောက်ပြော
Found!စောင့်ရှောက်နိူင်ပါစေကြောင်း	စောင့်ရှောက်နိုင်ပါစေကြောင်း
Found!စောင် ့လိုက်	စောင့်လိုက်
Found!စ်ုင်းမော်ခမ်း	စိုင်းမော်ခမ်း
Found!စစ်ဗိ်ုလ်ချုပ်	စစ်ဗိုလ်ချုပ်
Found!စစ်ဘေးဒုက္ခသည်စခမ်း	စစ်ဘေးဒုက္ခသည်စခန်း
Found!စစ်ရေးိပြ	စစ်ရေးပြ
Found!စစ်ရေးပြသနာ	စစ်ရေးပြဿနာ
Found!စဥ်းစားကြည့်ကြပါ	စဉ်းစားကြည့်ကြပါ
Found!စဥ်းစားကြည့်နေတာ	စဉ်းစားကြည့်နေတာ
Found!စ႕ဉ်းစားကြည့်ပါ	စ႕ဉ်းစားကြည့်ပါ
Found!စဥ်းစားထားတာ	စဉ်းစားထားတာ
Found!စဥ်းစားနေတာ	စဉ်းစားနေတာ
Found!စဉ်စားသင့်ပြီ	စဉ်းစားသင့်ပြီ
Found!စည်းကမ် း	စည်းကမ်း
Found!စည်းစညိးလုံးလုံး	စည်းစည်းလုံးလုံး
Found!စည်းဖောက်မှူ	စည်းဖောက်မှု
Found!စိတ် ကူးကောင် း	စိတ် ကူးကောင်း
Found!စိတါကို	စိတ်ကို
Found!စိတ်ကုန်လေဘဲ့	စိတ်ကုန်လေပဲ
Found!စိတ်ခံစားမှု့	စိတ်ခံစားမှု
Found!စိတ်ပက်စရာ	စိတ်ပျက်စရာ
Found!စိတ် ဖြင် ့	စိတ် ဖြင့်
Found!စိတ်မကောင်ဖြစ်ရပါတယ်	စိတ်မကောင်းဖြစ်ရပါတယ်
Found!စိတ်မချမ်းမြေ့	စိတ်မချမ်းမြေ့
Found!စုန်းမကြိး	စုန်းမကြီး
Found!စမ်းသပ်မောင်နှင်မှု	စမ်းသပ်မောင်းနှင်မှု
Found!စုံစမ်းစစ်ဆွေးမယ့်	စုံစမ်းစစ်ဆေးမယ့်
Found!စုံးစမ်း	စုံစမ်း
Found!စုံစမ်းထောက်လှန်းမှု	စုံစမ်းထောက်လှမ်းမှု
Found!စုံးစမ်းမှုမျိုး	စုံစမ်းမှုမျိုး
Found!စွဲချက်တင်နိ်ုင်သောကြောင့်	စွဲချက်တင်နိုင်သောကြောင့်
Found!စွန့်ခွါ	စွန့်ခွာ
Found!စွန်းစွန်းလောင်	စွန်းစွန်းလောက်
Found!စွပ်ဆွဲထားပြီး	စွပ်စွဲထားပြီး
Found!စွမ် းဆောင်	စွမ်းဆောင်
Found!ဆ၇ာကြီး	ဆရာကြီး
Found!ဆိီဆိုင်	ဆီဆိုင်
Found!ဆုတဆိပ်	ဆုတံဆိပ်
Found!ဆေးရုံတွေစီ	ဆေးရုံတွေဆီ
Found!ဆဲးပေါ့	ဆဲပေါ့
Found!စောရီးပဲ	ဆောရီးပဲ
Found!ဆိုတာ ကိုတ	ဆိုတာ ကိုက
Found!ဆိုပီးတော့	ဆိုပြီးတော့
Found!ဆိုရင်တော	ဆိုရင်တော့
Found!ဆို၇င်တော့	ဆိုရင်တော့
Found!ဆိုရှယ်လစ်နဲလဲ	ဆိုရှယ်လစ်နဲ့လဲ
Found!ဆ်ုလိုတာ	ဆိုလိုတာ
Found!ဆိုးကျိူးတွေ	ဆိုးကျိုးတွေ
Found!စိုးဝါးနေတယ်	ဆိုးဝါးနေတယ်
Found!ဆက်တံတာမျိုး	ဆက်ဆံတာမျိုး
Found!ဆက်နွှယ်ဖွယ်	ဆက်နွယ်ဖွယ်
Found!ဆက်လျှောက်ရမယ်	ဆက်လျှောက်ရမယ့်
Found!ဆက်သွယ်နိူင်ပါတယ်	ဆက်သွယ်နိုင်ပါတယ်
Found!ဆောက်လက်ဆ	ဆောက်လက်စ
Found!ဆင်ခြင်မှူ	ဆင်ခြင်မှု
Found!ဆင်ဆင်ချင်ချင်	ဆင်ဆင်ခြင်ခြင်
Found!ဆင်ရဲခဲ့ပုံ	ဆင်းရဲခဲ့ပုံ
Found!ဆောင်ရွက် နိ်ုင်ခြေရှိတဲ့ 	ဆောင်ရွက် နိုင်ခြေရှိတဲ့ 
Found!ဆောင်ရွှက်ပါတယ် 	ဆောင်ရွက်ပါတယ် 
Found!ဆိုင် းပုဒ် 	ဆိုင်းပုဒ် 
Found!ဆုပ်ယုတ် 	ဆုတ်ယုတ် 
Found!ဆုံးဖြတ်ပီး	ဆုံးဖြတ်ပြီး
Found!ဆုံးရှူံး	ဆုံးရှုံး
Found!ဆုံးရှုံမှု	ဆုံးရှုံးမှု
Found!ဆွေးနွေးပွဲလေ	ဆွေးနွေးပွဲလေး
Found!စွဲခေါ်	ဆွဲခေါ်
Found!ဆွဲဆောင်မှု့	ဆွဲဆောင်မှု
Found!စနီးမောင်နှံ	ဇနီးမောင်နှံ
Found!ဇူလိ်ုင်လ	ဇူလိုင်လ
Found!ဇောတ်ကားများကို	ဇာတ်ကားများကို
Found!ဈေူကွက်	ဈေးကွက်
Found!ညိုည်ိုသင်း	ညိုညိုသင်း
Found!ညစ်ပါတ်တဲ့	ညစ်ပတ်တဲ့
Found!ညဥ့်နက်	ညဉ့်နက်
Found!ညှိခဲ့တာ်တွေ	ညှိခဲ့တာတွေ
Found!ညှိးငယ်စွာဖြင့်	ညှိုးငယ်စွာဖြင့်
Found!ညွန်ကြားရေးမှူး	ညွှန်ကြားရေးမှူး
Found!တကြိ်မ်	တကြိမ်
Found!တခါပျင်	တခါပြင်
Found!တချို ့	တချို့
Found!တရိူက်မတ်မတ်	တစိုက်မတ်မတ်
Found!တနိုင်ငတပိုင်	တနိုင်တပိုင်
Found!တပြေညီ	တပြေးညီ
Found!တဖက်နိုင်ငံဖက်	တဖက်နိုင်ငံဘက်
Found!တရားပွဲပြိးတော့	တရားပွဲပြီးတော့
Found!တရားအားထုတိခြင်းဟာ	တရားအားထုတ်ခြင်းဟာ
Found!တလက်ဆတည်းမှာပဲ	တလက်စတည်းမှာပဲ
Found!တာဝန်ရှိ်သူတွေ	တာဝန်ရှိသူတွေ
Found!တာဆီးကာကွယ်	တားဆီးကာကွယ်
Found!တော်တော်လေးတော	တော်တော်လေးတော့
Found!တော်တယ်ဘဲ	တော်တယ်ပဲ
Found!တော်ဘာဒေါ့အေ	တော်ပါတော့အေ
Found!တော်ပ်တယ်	တော်ပါတယ်
Found!တော်ဝင်အမိန်	တော်ဝင်အမိန့်
Found!တော်သေးဘီ	တော်သေးပြီ
Found!တိုးမြင့်လာပါတယ်	တိုးမြှင့်လာပါတယ်
Found!တက္ကသိ်ုလ်	တက္ကသိုလ်
Found!တက္ကသိ်ုလ်ဝင်	တက္ကသိုလ်ဝင်
Found!တ်တတ်ကြွကြွ	တက်တက်ကြွကြွ
Found!တိ်ုက်ခိုက်	တိုက်ခိုက်
Found!တိုက်ခိ်ုက်တဲ့	တိုက်ခိုက်တဲ့
Found!တိုက်ခိ်ုက်နေ	တိုက်ခိုက်နေ
Found!တိုက်ခိုုက်ပါ	တိုက်ခိုက်ပါ
Found!တိ်ုက်ခိုက်ဖို့	တိုက်ခိုက်ဖို့
Found!တိ်ုက်ခိုက်မှု	တိုက်ခိုက်မှု
Found!တိုက်ခိ်ုက်မှု	တိုက်ခိုက်မှု
Found!တိုက်ခိိုက်မှုအတွင်း	တိုက်ခိုက်မှုအတွင်း
Found!တိ်ုက်တွန်း	တိုက်တွန်း
Found!တိုက်တွန်းနေပါတယ။်	တိုက်တွန်းနေပါတယ်
Found!တိ်ုက်ပွဲ	တိုက်ပွဲ
Found!တုက်ပွဲ	တိုက်ပွဲ
Found!တင်အောင်မြင့့်ဦး	တင်အောင်မြင့်ဦး
Found!တောင်ကိုရီးား	တောင်ကိုရီးယား
Found!တောင်ကိုးရီးယား	တောင်ကိုရီးယား
Found!တောက်မှန်းမြောက်မှန်ူမသိပံ	တောင်မှန်းမြောက်မှန်းမသိပဲ
Found!တောင်ပန်လို့	တောင်းပန်လို့
Found!တောင်ပန်အပ်ပါတယ်	တောင်းပန်အပ်ပါတယ်
Found!တိ်ုင်ပင်ကြပါတယ်	တိုင်ပင်ကြပါတယ်
Found!တိုင်းတားတဲ့	တိုင်းတာတဲ့
Found!တိုင်ပြည်ချစ်စိတ်	တိုင်းပြည်ချစ်စိတ်
Found!တိုုင်းပြည်	တိုင်းပြည်
Found!တိုင်းပြာ်	တိုင်းပြည်
Found!တိုင်ရင်းသား	တိုင်းရင်းသား
Found!တစ်ချိ်န်က	တစ်ချိန်က
Found!တစ်ချိ်န်မှာ	တစ်ချိန်မှာ
Found!တစ်နေ ့	တစ်နေ့
Found!တစ်နိူင်ငံလုံး	တစ်နိုင်ငံလုံး
Found!တစ်ဉီးချင်းစီ	တစ်ဦးချင်းစီ
Found!တည်းဆောက်ထားပါတယ်	တည်ဆောက်ထားပါတယ်
Found!တည်ထည်ဆိုတာ	တည်တယ်ဆိုတာ
Found!တိတ်တစိတ်	တိတ်တဆိတ်
Found!တန်ဖိုးမဖြတ်နိူင်	တန်ဖိုးမဖြတ်နိုင်
Found!တပ်မတော်ဖက်က	တပ်မတော်ဘက်က
Found!အတွေကြားထဲ	တွေကြားထဲ
Found!တွေ ့ခဲ့တဲ့ 	တွေ့ခဲ့တဲ့ 
Found!တွေ့ချင်းလို့	တွေ့ချင်လို့
Found!တွေ ့ဆုံ 	တွေ့ဆုံ 
Found!တွေ့စုံသည်	တွေ့ဆုံသည်
Found!တွေ ့	တွေ့
Found!တွေနေရတော့	တွေ့နေရတော့
Found!တွေ့ပါပီ	တွေ့ပါပြီ
Found!တွေး့လိုက်ရင်	တွေးလိုက်ရင်
Found!တွေးလိမ် ့မယ် 	တွေးလိမ့်မယ် 
Found!တွေးလိမ် ့မယ်	တွေးလိမ့်မယ်
Found!တွက်ကြ်ည့် တော့ 	တွက်ကြည့် တော့ 
Found!တွန်းားပေးနိုင်	တွန်းအားပေးနိုင်
Found!ထား၇တာ	ထားရတာ
Found!ထိခိ်ုင်နဟ်နာနိုင်ခြင်း	ထိခိုက်နစ်နာနိုင်ခြင်း
Found!ထူးထောင်ရေး	ထူထောင်ရေး
Found!ထောက်ခံထာပါတယ်	ထောက်ခံထားပါတယ်
Found!ထာင်ကျော်ရှိ	ထောင်ကျော်ရှိ
Found!ထောင်ဒါဏ်	ထောင်ဒဏ်
Found!ထည် ့ထားသည် 	ထည့်ထားသည် 
Found!ထုတ်ထာတာ	ထုတ်ထားတာ
Found!ထုန်ပြန်လိုက်တယ်	ထုတ်ပြန်လိုက်တယ်
Found!ထုတ်လုပ်နိူင်ပါသေးတယ်	ထုတ်လုပ်နိုင်ပါသေးတယ်
Found!ထိန်းကြောင်း	ထိန်းကျောင်း
Found!ထိန်းချုပ်နိ်ုင်တာ	ထိန်းချုပ်နိုင်တာ
Found!ထိန်းချုပ်နိ်ုင်တာမျိုး	ထိန်းချုပ်နိုင်တာမျိုး
Found!ထိန်းချုပ်နိ်ုင်	ထိန်းချုပ်နိုင်
Found!ထိန်းဆင်းပါတယိ	ထိန်းဆင်းပါတယ်
Found!ထိမ်းမ နိမ်တဲ့	ထိန်းမ နိုင်တဲ့
Found!ထိ်မ်းသိမ်း	ထိန်းသိမ်း
Found!ထိန်းသိ်မ်းရေး	ထိန်းသိမ်းရေး
Found!ထိမ်းသိမ်းရေးု	ထိန်းသိမ်းရေး
Found!ထက်ဖြည့်ဖို့	ထပ်ဖြည့်ဖို့
Found!ထိပ်ပိ်ုင်း	ထိပ်ပိုင်း
Found!ထွွက်လာခဲ့ပါတယ်	ထွက်လာခဲ့ပါတယ်
Found!ထွတိးကားတဲ့	ထွန်းကားတဲ့
Found!ထွန်းမြတ်နိူင်	ထွန်းမြတ်နိုင်
Found!ဒါကလည်ဒ	ဒါကလည်း
Found!ါဆိုရင်	ဒါဆိုရင်
Found!ဒါအပြင်	ဒါ့အပြင်
Found!ဒါအအပြင်	ဒါ့အပြင်
Found!ဒီဇိ်ုင်း	ဒီဇိုင်း
Found!ဒီပါတ်	ဒီပတ်
Found!ဒီမိုကရေစိီ	ဒီမိုကရေစီ
Found!ဒီမိုခရေဇီး	ဒီမိုကရေစီ
Found!ဒိီလို	ဒီလို
Found!ဒီလောက်ထိကျ	ဒီလောက်ထိကြ
Found!ဒေါသလည်းမထွက်ချင်ပု	ဒေါသလည်းမထွက်ချင်ဘူး
Found!ဒေါသသံပါမှာဆိုး	ဒေါသသံပါမှစိုး
Found!ဒေါ ်	ဒေါ်
Found! ေါ်လာ	ဒေါ်လာ
Found!ဒေါ်အောင်ဆန်စုကြည်	ဒေါ်အောင်ဆန်းစုကြည်
Found!ဒုက္မြသည်တွေ	ဒုက္ခသည်တွေ
Found!ဒုက္ခသည	ဒုက္ခသည်
Found!ဒ႑ဏ္ဍာရီ	ဒ႑ဏ္ဍာရီ
Found!ဒဿဂီိရိ	ဒဿဂီရိ
Found!ဓာတ်ဆြာ	ဓာတ်ဆရာ
Found!ဓါတ်ထားနေပါ	ဓာတ်ထားနေပါ
Found!နာဂတ်မုန်တိုင်း	နာဂစ်မုန်တိုင်း
Found!နံမယ်ကျော်	နာမည်ကျော်
Found!နံမယ်ကြီး	နာမည်ကြီး
Found!နာမယ်ဆိုး	နာမည်ဆိုး
Found!နံမယ်ပျက်	နာမည်ပျက်
Found!နံမည်ပျက်ဖို့	နာမည်ပျက်ဖို့
Found!နာညးထောင်နေစဉ်	နားထောင်နေစဉ်
Found!နားလည်းကြရဲ့လား	နားလည်ကြရဲ့လား
Found!နားလည်ခဲ့၇တယ်	နားလည်ခဲ့ရတယ်
Found!နားလည်မှု့	နားလည်မှု
Found!နီးပါးကြား	နီးပါးကြာ
Found!နိးပါးလောက်	နီးပါးလောက်
Found!နေထိ်ုင်နေတဲ့	နေထိုင်နေတဲ့
Found!နေရာမှ ာ	နေရာမှာ
Found!နေရာရွှေ ့ပြောင်းမှုတွေ	နေရာရွှေ့ပြောင်းမှုတွေ
Found!နေရင်ကော	နေရင်ရော
Found!နေအိ်မ်	နေအိမ်
Found!နေ ့ည 	နေ့ည 
Found!နေ ့တိုင်း 	နေ့တိုင်း 
Found!နိ်ုဝင်ဘာ	နိုဝင်ဘာ
Found!နက်ရှိူင်းတယ်	နက်ရှိင်းတယ်
Found!နောက်ဆုံ့းတော့ 	နောက်ဆုံးတော့ 
Found!နောက်နေတာဘဲ့	နောက်နေတာပဲ
Found!နောက်နေ	နောက်နေ့
Found!နောက်ပိ်ုင်း	နောက်ပိုင်း
Found!နင့်ကြည့်လျင်	နင့်ကြည့်လျှင်
Found!နိူင်င ံခြား	နိုင်ငံခြား
Found!နိုင်ငံခြာူ	နိုင်ငံခြား
Found!နိ်ုင်ငံခြားရေး	နိုင်ငံခြားရေး
Found!နိ်ုင်ငံတကာ	နိုင်ငံတကာ
Found!နိူင်ငံတကာပွဲ	နိုင်ငံတကာပွဲ
Found!နိူင်ငံတဝှမ်း 	နိုင်ငံတဝှမ်း 
Found!နှိုင်ငံတော်	နိုင်ငံတော်
Found!နိ်ုင်ငံတိုင်း	နိုင်ငံတိုင်း
Found!နိုင်ငံဖက် 	နိုင်ငံဘက်
Found!နိ်ုင်ငံရေး	နိုင်ငံရေး
Found!နိုင်င့ရေး	နိုင်ငံရေး
Found!နိ်ုင်ငံသား	နိုင်ငံသား
Found!နည်းဘဲသုံးနေကြဆဲပါ	နည်းပဲသုံးနေကြဆဲပါ
Found!နည် းသည့် 	နည်းသည့် 
Found!နပ်ဖြတ်ပြီး	နယ်ဖြတ်ပြီး
Found!နမချင်း	နှမချင်း
Found!နှာခေါင်းရူံ့	နှာခေါင်းရှုံ့
Found!နှာဘူးထတက်တဲ့	နှာဘူးထတတ်တဲ့
Found!နှင် ့ 	နှင့် 
Found!နှင် ့	နှင့်
Found!နှိုုင်းယှဉ်	နှိုင်းယှဉ်
Found!နှိုင်းယှာဉ်	နှိုင်းယှဉ်
Found!နှိုင်ယှဉ်ဖို့	နှိုင်းယှဉ်ဖို့
Found!နှိုင်းယှဉ်ရင်ု	နှိုင်းယှဉ်ရင်
Found!နှိူင်းယှဉ်သုံးသပ်ပါ	နှိုင်းယှဉ်သုံးသပ်ပါ
Found!နှစ်နိ်ုင်ငံ	နှစ်နိုင်ငံ
Found!နှစ်မြုတ်မှု	နှစ်မြှပ်မှု
Found!နှတ်ထွက်တယ်လို့ 	နှုတ်ထွက်တယ်လို့ 
Found!နှီမ်ချ	နှိမ်ချ
Found!နှိ်မ်နှင်းရေး	နှိမ်နှင်းရေး
Found!ပညာရေးစနစေ်	ပညာရေးစနစ်
Found!ပဠိက္ခ	ပဋိပက္ခ
Found!ပထမဉီးဆုံး	ပထမဦးဆုံး
Found!ပဒေသရာဇာ်	ပဒေသရာဇာ
Found!ပါကစ္စတ်	ပါကစ္စတန်
Found!ပါတီရဲ ့	ပါတီရဲ့
Found!ပါပဲလှေ	ပါပဲလေ
Found!ပုဂံခောက်	ပုဂံခေတ်
Found!ပေမယ် ့	ပေမယ့်
Found!ပေးနိူင်မယ်ဆိုရင်	ပေးနိုင်မယ်ဆိုရင်
Found!ပေးဖ ို့	ပေးဖို့
Found!ပေယုံပဲလေ	ပေးရုံပဲလေ
Found!ပေးလိ်ုက်ချင်	ပေးလိုက်ချင်
Found!ပေးသွားနိ်ုင်	ပေးသွားနိုင်
Found!ပိုတိုးမြင့်ပြီး	ပိုတိုးမြှင့်ပြီး
Found!ပိုတက်ပြီး	ပိုတတ်ပြီး
Found!ပိုဆောင်သူ	ပို့ဆောင်သူ
Found!ပေါက်ခဲ့ပါရဲ ့လား	ပေါက်ခဲ့ပါရဲ့လား
Found!ပိုက်ဆံရ ဒါက	ပိုက်ဆံရ တာက
Found!ပုဂ်္ဂိုလ်	ပုဂ္ဂိုလ်
Found!ပုဂ်္ဂိုလ်များ	ပုဂ္ဂိုလ်များ
Found!ပင်လာ်ကမ်းခြေ	ပင်လယ်ကမ်းခြေ
Found!ပင်လယ်လှိ်ုင်း	ပင်လယ်လှိ်ုင်း
Found!ပေါက်းစုံရှိတတ်တယ်	ပေါင်းစုံရှိတတ်တယ်
Found!ပိ်ုင်တယ်	ပိုင်တယ်
Found!ပစ္စည် း	ပစ္စည်း
Found!ပတ်ဝယ်လိူက်ရသေးတယ်	ပတ်ဝယ်လိုက်ရသေးတယ်
Found!ပါတ်သက်လို့	ပတ်သက်လို့
Found!ပိတ်ပင်ထားစဲရှိလား	ပိတ်ပင်ထားဆဲရှိလား
Found!ပိတ်ပင်လိ်ုက်တာဟာ	ပိတ်ပင်လိုက်တာဟာ
Found!ပိတ် ပင် လိမ် ့မယ်	ပိတ် ပင် လိမ့်မယ်
Found!ပိ်တ်မိနေ	ပိတ်မိနေ
Found!ပုတ်ခတ်နိူင်ကြပါစေ 	ပုတ်ခတ်နိုင်ကြပါစေ 
Found!ပန်းကြားထား	ပန်ကြားထား
Found!ပန်းရဲ့လမ်း	ပန်းရဲလမ်း
Found!ပုန်ကန်မှူ	ပုန်ကန်မှု
Found!ပုန်းခိ်ု	ပုန်းခို
Found!ပျက်ဆီးခြင်း	ပျက်စီးခြင်း
Found!ပျက်ဆီးတာ	ပျက်စီးတာ
Found!ပျက်ဆီးမှု	ပျက်စီးမှု
Found!ပျက်ဆီးလာပြီး	ပျက်စီးလာပြီး
Found!ပျောက်လိမ့့်မယ်	ပျောက်လိမ့်မယ်
Found!ပြေနေတဲ့	ပြနေတဲ့
Found!ပြသရင်းသား	ပြရင်းသား
Found!ပြိးတော့	ပြီးတော့
Found!ပီးနိုင်လဲ	ပြီးနိုင်လဲ
Found!ပြီးပြည့်စုအောင် 	ပြီးပြည့်စုံအောင် 
Found!ပြိီးမှ	ပြီးမှ
Found!ပြီးသွားပြီး	ပြီးသွားပြီ
Found!ပြုပြင်ဘို့	ပြုပြင်ဖို့
Found!ပြောဆိုခြ့သလို	ပြောဆိုခဲ့သလို
Found!ပြောဆိုလိ်ုက်တာပါ။	ပြောဆိုလိုက်တာပါ။
Found!ပြေားတာ	ပြောတာ
Found!ပြောတါလဲ	ပြောတာလဲ
Found!ပြာပြနေတဲ့	ပြောပြနေတဲ့
Found!ပြောနပြီး	ပြောပြပြီး
Found!ပြေရရင်	ပြောရရင်
Found!ပြောလိုက်သေတယ် 	ပြောလိုက်သေးတယ် 
Found!ပြောသင့်ဆယ်﻿	ပြောသင့်တယ်
Found!ပြောသွားူတာ	ပြောသွားတာ
Found!ပျိုကြတာ	ပြိုကြတာ
Found!ပြင်ဆင်မူ့	ပြင်ဆင်မှု
Found!ပြင်ပီးသလောက်	ပြင်ပြီးသလောက်
Found!ပြောင်းရွှေ ့	ပြောင်းရွှေ့
Found!ပြောင် းလိုက် သည် 	ပြောင်းလိုက် သည် 
Found!ပြစ်တင် ရှု ံ့ချ	ပြစ်တင် ရှုံ့ချ
Found!ပြည်သူ ့ဆေးရုံကြီး	ပြည်သူ့ဆေးရုံကြီး
Found!ပြည့်မြောက်ပီ	ပြည့်မြောက်ပြီ
Found!ပြည့်မီတဲ့	ပြည့်မှီတဲ့
Found!ပျက်လက်နေတာ	ပြတ်လပ်နေတာ
Found!ပြန်တိုက်ယုမှ	ပြန်တိုက်ယူမှ
Found!ပြနါပြန်ဖတ်ပေး	ပြန်ပြန်ဖတ်ပေး
Found!ပြန်မပြောရဲ့	ပြန်မပြောရဲ
Found!ပြန်လညဲ်ပြီး	ပြန်လည်ပြီး
Found!ပြည်လည်လက်ခံရေး	ပြန်လည်လက်ခံရေး
Found!ပြန်သွှင်း	ပြန်သွင်း
Found!ပြသနာတက်မှာဆိုးပြီး 	ပြဿနာတက်မှာစိုးပြီး 
Found!ပွားများပိူ့	ပွားများဖို့
Found!ပွဲတော်တည်နိူင်ပါတော့မယ်	ပွဲတော်တည်နိုင်ပါတော့မယ်
Found!ပျှော်ရွှင်မှု	ပျှော်ရွှင်မှု
Found!ဖျန့်ဖြစ်ချင်လို့	ဖရန့်ဖြစ်ချင်လို့
Found!ဖျန့်လစ်စ်	ဖရန့်လစ်စ်
Found!_ာသည်မ	ဖာသည်မ
Found!ဖိနှိ်ပ်ခံရမှု	ဖိနှိပ်ခံရမှု
Found!ဖူးဖူးမူတ်	ဖူးဖူးမှုတ်
Found!ဖေဖေါ်ဝါရီလ	ဖေဖော်ဝါရီလ
Found!ဖေါ်စေချင်တယ်	ဖော်စေချင်တယ်
Found!ဖေါ်ဆောင်ဖြင်း	ဖော်ဆောင်ခြင်း
Found!ဖော်ဆော်နိူင်ချက်	ဖော်ဆောင်နိုင်ချက်
Found!ဖေါ်ထုတ်နိုင်	ဖော်ထုတ်နိုင်
Found!ဖေါ်ထုတ်သူ	ဖော်ထုတ်သူ
Found!ဖေါ်ပြခဲ့ကြပြီး	ဖော်ပြခဲ့ကြပြီး
Found!ဖေါ်ပြခဲ့ပါတယ်	ဖော်ပြခဲ့ပါတယ်
Found!ဖေါ်ပြခဲ့	ဖော်ပြခဲ့
Found!ဖေါ်ပြထားတဲ့	ဖော်ပြထားတဲ့
Found!ဖတ်လေးတွေနဲ့	ဖက်လေးတွေနဲ့
Found!ဖေါက်ခွဲရေး	ဖောက်ခွဲရေး
Found!ဖေါက်စားတယ်	ဖောက်စားတယ်
Found!ဖျင်လန်ပြပြီး	ဖင်လန်ပြပြီး
Found!ဖတ်ကြပြပါတယ်	ဖတ်ပြကြပါတယ်
Found!ဖိိတ်ကျွေးခြင်း	ဖိတ်ကျွေးခြင်း
Found!ဖမ်းခံ၇တာလို့ 	ဖမ်းခံရတာလို့ 
Found!ဖမ်းမမိ်သေးတဲ့	ဖမ်းမမိသေးတဲ့
Found!ဖမ်မမိသေး	ဖမ်းမမိသေး
Found!ဖျတ်ဆီးလိုက်တဲ့	ဖျက်ဆီးလိုက်တဲ့
Found!ဖြစ်ကုန်တာပေါ်	ဖြစ်ကုန်တာပေါ့
Found!ဖြစ်ခဲ့ရသည”်	ဖြစ်ခဲ့ရသည်
Found!ဖြစ်နေ တာကြောင်	ဖြစ်နေ တာကြောင့်
Found!ဖြစ်နေပြိ	ဖြစ်နေပြီ
Found!ဖစ်နေမှာဆိုးလို့	ဖြစ်နေမှာစိုးလို့
Found!ဖြစ်နေလို	ဖြစ်နေလို့
Found!ဖစ်နိုင်ရင် 	ဖြစ်နိုင်ရင် 
Found!ဖစ်ပျက်နေတာ	ဖြစ်ပျက်နေတာ
Found!ဖြစ်ပွါးခဲ့တာဟာ	ဖြစ်ပွားခဲ့တာဟာ
Found!ဖြစ်ပွါး	ဖြစ်ပွား
Found!ဖြစ်လာနိ်ုင်	ဖြစ်လာနိုင်
Found!ဖြစ် လိမ် ့မယ်	ဖြစ် လိမ့်မယ်
Found!ဖြစ်သလို	ဖြစ်သလို
Found!ဖြစ်သွားပီ	ဖြစ်သွားပြီ
Found!ဖြတ် စီးပြစ် လိမ် ့မယ်	ဖြတ် စီးပြစ် လိမ့်မယ်
Found!ဖွငိ့ချပြတာပါ	ဖွင့်ချပြတာပါ
Found!ဗစ်နစ်ဖွဲဖား	ဗစ်နစ်ဇွဲလား
Found!ဗိ်ုလ်ချုပ်ကြီး	ဗိုလ်ချုပ်ကြီး
Found!ဗိ်ုလ်ချုပ်မှုးကြီး	ဗိုလ်ချုပ်မှုးကြီး
Found!ဗိ်ုလ်မှူးကြီး	ဗိုလ်မှူးကြီး
Found!ဗျိ ု့	ဗျို့
Found!ဗြိတိတ်	ဗြိတိန်
Found!ဘရားဇီးမြီု့	ဘရားဇီးမြို့
Found!ဘာကြောင်း	ဘာကြောင့်
Found!ဘာမှာလည်း	ဘာမှလည်း
Found!ဘာလုပ် သင် ့တယ်	ဘာလုပ် သင့်တယ်
Found!ဘော်လုံး	ဘောလုံး
Found!ဘော့လုံးသမားဟောင်း	ဘောလုံးသမားဟောင်း
Found!ဘင်္ဂ်လားဒေ့ရှ်	ဘင်္ဂလားဒေ့ရှ်
Found!ဘတ်ဂျက်ရဲ ့	ဘတ်ဂျက်ရဲ့
Found!ဘုန်းကြီ်းကျောင်း	ဘုန်းကြီးကျောင်း
Found!ဘယ်ပြောက်နေမှန်းကိုမသိဘူး	ဘယ်ပျောက်နေမှန်းကိုမသိဘူး
Found!ပယ်လို ပယ်လို	ဘယ်လို ဘယ်လို
Found!ဘယ်ဟာဝယ်ရမလံ	ဘယ်ဟာဝယ်ရမလဲ
Found!ဘယ်အချိန်ဖင့်ပြီး	ဘယ်အချိန်ဖွင့်ပြီး
Found!မတတပ်ဘူး	မကတတ်ဘူး
Found!မကောင်းဖုးလို့	မကောင်းဘူးလို့
Found!မကောင်းမှု့	မကောင်းမှု
Found!မကျတေးဘူး	မကျသေးဘူး
Found!မကြေနပ်မှု	မကျေနပ်မှု
Found!မကြာခန	မကြာခဏ
Found!မကြိုက်တည	မကြိုက်တာ
Found!မချစ်ပါဘူကွာ	မချစ်ပါဘူးကွာ
Found!မငှဲ ့ဘဲ	မငှဲ့ဘဲ
Found!မစူးစိ်ုက်နိုင်တာမျိုး	မစူးစိုက်နိုင်တာမျိုး
Found!မဆိုးပါဖူး	မဆိုးပါဘူး
Found!မဆောက်ပေးနိုုင်ဘူးတဲ့	မဆောက်ပေးနိုင်ဘူးတဲ့
Found!မဆန်ပါ 	မဆန်းပါ 
Found!မတူဘူးပေါ့့လေ	မတူဘူးပေါ့လေ
Found!မတတ််နိင်ဘူး	မတတ်နိင်ဘူး
Found!မတိမ်းမရိမ်း	မတိမ်းမယိမ်း
Found!မတွေ့ဖူးသေးပါ	မတွေ့ဘူးသေးပါ
Found!မထား ဖိုဆိုတာ	မထား ဖို့ဆိုတာ
Found!မထွက်ရတေးဘူး	မထွက်ရသေးဘူး
Found!မနည်သတိထားနေတယ်	မနည်းသတိထားနေတယ်
Found!မနှိူင်းယှဉ်ပါနဲ့	မနှိုင်းယှဉ်ပါနဲ့
Found!မပျံနိ်ုင်	မပျံနိုင်
Found!မပြုသင့်ဖူး	မပြုသင့်ဘူး
Found!မပြိုင်သင့်ဖူး	မပြိုင်သင့်ဘူး
Found!မမီလို့	မမီလို့
Found!မမေးခြင်တော့ပါဘူး	မမေးချင်တော့ပါဘူး
Found!မမြင်ပါလာ	မမြင်ပါလား
Found!မမြင်ရတေးဘူးလေ	မမြင်ရသေးဘူးလေ
Found!မရသည် ့	မရသည့်
Found!မရင့်ကြက်ကြသေးတာ	မရင့်ကျက်ကြသေးတာ
Found!မ၇ပ်တည်ပါနဲ့	မရပ်တည်ပါနဲ့
Found!ရှိတော့ဘူး	မရှိတော့ဘူး
Found!မရှ်ိပါဘူး	မရှိပါဘူး
Found!မရှိ်ရင် 	မရှိရင် 
Found!မရှင်းပြသင့်ဖူး	မရှင်းပြသင့်ဘူး
Found!မလိုလားလာ	မလိုလားတာ
Found!မလွတ်းတေးပါဘူး	မလွတ်သေးပါဘူး
Found!မလျော်သင့်ပေမယ့်	မလျှော်သင့်ပေမယ့်
Found!အသိခဲ့ဘူး	မသိခဲ့ဘူး
Found!မသေခြာ	မသေချာ
Found!မသဲကွဲဖူး	မသဲကွဲဘူး
Found!မသတ်မှတ်ရဘူးလေး	မသတ်မှတ်ရဘူးလေ
Found!မသွား နိ်ုင်ဘူး	မသွား နိုင်ဘူး
Found!မသွားဘာဘူး	မသွားပါဘူး
Found!မသွာအောင် 	မသွားအောင် 
Found!မသွင်းခဲ့၇ဘူးပေါ့	မသွင်းခဲ့ရဘူးပေါ့
Found!မဟောင်နိူင်တဲ့	မဟောင်နိုင်တဲ့
Found!မဟုတ်ပါပူး	မဟုတ်ပါဘူး
Found!မဟုတ်ဘူူး	မဟုတ်ဘူး
Found!မဟုတ်ဖူးလား	မဟုတ်ဘူးလား
Found!မဟုတလား	မဟုတ်လား
Found!မိသားစုဂသူငယ်ချင်းတွေနဲ့	မိသားစုသူငယ်ချင်းတွေနဲ့
Found!မီဒီလာ	မီဒီယာ
Found!မီးမှောင်းထိုးထားပါတယ်	မီးမောင်းထိုးထားပါတယ်
Found!မိရထားလမ်းဆောက်လုပ်ရေး	မီးရထားလမ်းဆောက်လုပ်ရေး
Found!မီးရှိုးမှု	မီးရှို့မှု
Found!မူးပီး	မူးပြီး
Found!မူယစ်ဆေးဝါး	မူးယစ်ဆေးဝါး
Found!မေမေဆီ	မေမေ့ဆီ
Found!မေလဆန်းပိ်ုင်း	မေလဆန်းပိုင်း
Found!မောဟလည်းမကြီးချင်ပု	မောဟလည်းမကြီးချင်ဘူး
Found!မိ်ုးကျပြီးမှ	မိုးကျပြီးမှ
Found!မိုးလေဝဿ	မိုးလေဝသ
Found!မင်းအောင်လှိ်ုင်	မင်းအောင်လှိုင်
Found!မိုင်ပေါက်ကွဲမှု	မိုင်းပေါက်ကွဲမှု
Found!မိန့်ခွနး	မိန့်ခွန်း
Found!မိန်းခလေး	မိန်းကလေး
Found!မိန်းမဖြစ်၇တာဟာ	မိန်းမဖြစ်ရတာဟာ
Found!မိနိးမ	မိန်းမ
Found!မိ်န်းမ	မိန်းမ
Found!မုန်းတိုင်း	မုန်တိုင်း
Found!မယ်သိီတာ	မယ်သီတာ
Found!များလာခြင် း	များလာခြင်း
Found!မျာလား	များလား
Found!မျိူးဆက်သစ်	မျိုးဆက်သစ်
Found!မျက်မှောက်ပြုလွယ်နိူင်	မျက်မှောက်ပြုလွယ်နိုင်
Found!မျောက်ပြဆန်တောင်	မျောက်ပြဆန်တောင်း
Found!မြေတောင်မြောက်ပေး	မြေတောင်မြှောက်ပေး
Found!မြောက်ကိုးရီးယား	မြောက်ကိုရီးယား
Found!မြောက်ပိ်ုင်း	မြောက်ပိုင်း
Found!မြောက်ပိုုင်း	မြောက်ပိုင်း
Found!မြင်ခြင်တယ်	မြင်ချင်တယ်
Found!မြင်တက်လာကြရင်	မြင်တတ်လာကြရင်
Found!မြင်တွေ့နေကျ	မြင်တွေ့နေကြ
Found!မြင်တွေ့ ့	မြင်တွေ့ 
Found!မြင်ဖူးသွားပီ	မြင်ဖူးသွားပြီ
Found!မြင်အိပါတယ်	မြင်မိပါတယ်
Found!မြှင့်တက်နေပြီး	မြင့်တက်နေပြီး
Found!မြတ်နိုူးနိူင်မယ့်	မြတ်နိုးနိုင်မယ့်
Found!မြန်မာဒေတ	မြန်မာဒေသ
Found!မြန်မာနိ်ုင်ငံ	မြန်မာနိုင်ငံ
Found!မြန်မာနိူင်ငံ	မြန်မာနိုင်ငံ
Found!မြန်မာ့နိူင်ငံ	မြန်မာနိုင်ငံ
Found!မြန်မာနိ်ုင်ငံသား	မြန်မာနိုင်ငံသား
Found!မြန်မှာပြည်	မြန်မာပြည်
Found!မွေးလာကစ	မွေးလာကာစ
Found!မ ျှဝေခဲ့ပါတယ်	မျှဝေခဲ့ပါတယ်
Found!မျှဝေရင် း 	မျှဝေရင်း 
Found!မြင့်တင်ပေးဖို့	မြှင့်တင်ပေးဖို့
Found!မွှေ ့ရာလေး	မွှေ့ရာလေး
Found!ယခုကဲ့သို	ယခုကဲ့သို့
Found!ယူနိုငမယ်	ယူနိုင်မယ်
Found!ယူသင် ့တယ်	ယူသင့်တယ်
Found!ယူသွါးမယ်လို့	ယူသွားမယ်လို့
Found!ယောက်ကျားလေး	ယောက်ျားလေး
Found!ယောက်ကျားသား	ယောက်ျားသား
Found!ယဉ်ကျေးမု	ယဉ်ကျေးမှု
Found!ယဉ်ဂျေးမှု	ယဉ်ကျေးမှု
Found!ယုံကြည်မူ	ယုံကြည်မှု
Found!ယူံစားလာခဲ့တယ်	ယုံစားလာခဲ့တယ်
Found!ယှာဉ်ကြည့်မှာ	ယှဉ်ကြည့်မှာ
Found!ယှာဉ်ကြည့်ရင်	ယှဉ်ကြည့်ရင်
Found!ရတနာပုုံ	ရတနာပုံ
Found!ရထားတန် 	ရထားတန်း
Found!ရမလာ း	ရမလား
Found!ရဉီးမှာပါ	ရဦးမှာပါ
Found!ရာခိုင်နှုုန်းက	ရာခိုင်နှုန်းက
Found!ရာသိသွေး	ရာသီသွေး
Found!ရီခြင်စရာတော့	ရီချင်စရာတော့
Found!ရေခဲသေတ္တ	ရေခဲသေတ္တာ
Found!ရေထိသ ွားတယ်	ရေထိသွားတယ်
Found!ရေနစ်မြှုပ်	ရေနစ်မြုပ်
Found!ရေရှားပါးတြ့	ရေရှားပါးတဲ့
Found!ရေးထညးတာ	ရေးထားတာ
Found!ရေးနိုင်ဖို	ရေးနိုင်ဖို့
Found!ရဲ ဖော်တွေ	ရဲဘော်တွေ
Found!ရဲမေ်တော်ယာဉ်	ရဲမော်တော်ယာဉ်
Found!ရော်ဘာကျည်ဆန်နဲ့ပြစ်	ရော်ဘာကျည်ဆန်နဲ့ပစ်
Found!ရက်ရောကျတာမျိုး	ရက်ရောကြတာမျိုး
Found!ရောက်တော့မရ် 	ရောက်တော့မယ်
Found!ရောက်ဖိ်ု့	ရောက်ဖို့
Found!ရောက်၇ှိနေပြီ	ရောက်ရှိနေပြီ
Found!ရောက်အောင်သွားဖို	ရောက်အောင်သွားဖို့
Found!ရင် းနှီးပြီး	ရင်းနှီးပြီး
Found!ရင်းနှီးမြှုပ်နှံမှီု	ရင်းနှီးမြှုပ်နှံမှု
Found!ရောင်းချႏ နိုင်ဖွယ်ရှိတယ်	ရောင်းချႏ နိုင်ဖွယ်ရှိတယ်
Found!ရိုင်းစိုက်ကြမ်းကြုပ်	ရိုင်းစိုင်းကြမ်းကြုတ်
Found!ရည် မှန် းချက် 	ရည် မှန်းချက် 
Found!ရည် မှန် းချက်	ရည် မှန်းချက်
Found!ရည် မှန် းထားပါ	ရည် မှန်းထားပါ
Found!ရန်ကုန်တိ်ုင်း	ရန်ကုန်တိုင်း
Found!ရန်ကုန်မြို	ရန်ကုန်မြို့
Found!ရန်ကုန်မြို	ရန်ကုန်မြို့
Found!ရန်ကုန်မာတုန်းက	ရန်ကုန်မှာတုန်းက
Found!ရပ်ကြပါတော	ရပ်ကြပါတော့
Found!ရပ်တည်ပေးနိူင်	ရပ်တည်ပေးနိုင်
Found!ရယ်မောပျော်ရွှင်နိူင်ကြပါစေ	ရယ်မောပျော်ရွှင်နိုင်ကြပါစေ
Found!ရွေးချယ်နိုင်ဖိုပ	ရွေးချယ်နိုင်ဖို့
Found!ရွေးချယ်လိ်ု့မရဘူး	ရွေးချယ်လို့မရဘူး
Found!ရွက်ဆောင်နိူင်ပါစေ	ရွက်ဆောင်နိုင်ပါစေ
Found!ရှာနိုင် သည် ့	ရှာနိုင် သည့်
Found!ရှိကျပါတယ်	ရှိကြပါတယ်
Found!ရှိခဲ့လျင်	ရှိခဲ့လျှင်
Found!၇ှိတယ်	ရှိတယ်
Found!ရှိနေတ့	ရှိနေတဲ့
Found!ရှိနေပါလျှက်	ရှိနေပါလျက်
Found!ရှိ်ဖို့	ရှိဖို့
Found!ရှိသည် ့အတွက်	ရှိသည့်အတွက်
Found!ရှုထောင်း	ရှုထောင့်
Found!ရှ ုဒေါင့်စုံက	ရှုဒေါင့်စုံက
Found!ရှုမင်ကြပါတယ်ရှင်	ရှုမြင်ကြပါတယ်ရှင်
Found!ရှိုးဖိနပ်	ရှူးဖိနပ်
Found!ရှေ ့နေ	ရှေ့နေ
Found!ရှင်စောပူ	ရှင်စောပု
Found!ရှင်း ပြစ်ပြီး	ရှင်း ပစ်ပြီး
Found!ရှူံးခဲ့တဲ့	ရှုံးခဲ့တဲ့
Found!ရှူံးတာလား	ရှုံးတာလား
Found!ရွှေ ့ပြောင်း	ရွှေ့ပြောင်း
Found!ရွှေ ့	ရွှေ့
Found!လဆန်းပိ်ုင်း	လဆန်းပိုင်း
Found!လာရောက်ကျပါရန်	လာရောက်ကြပါရန်
Found!လူယေ်တွေ	လူငယ်တွေ
Found!လူယေ်လူရွယ်	လူငယ်လူရွယ်
Found!လူတိ်ုင်း	လူတိုင်း
Found!လူတတ်ကြီးလုပ်ချငိကြတာကိုး	လူတတ်ကြီးလုပ်ချင်ကြတာကိုး
Found!လူတွေကိ်ု	လူတွေကို
Found!လူပျိုကြိီး	လူပျိုကြီး
Found!လူမူ့ရေး	လူမှုရေး
Found!လူဥိးရေ	လူဦးရေ
Found!လေကြောင်းလိ်ုင်း	လေကြောင်းလိုင်း
Found!လေယာဉ်တင်း	လေယာဉ်တင်
Found!လေလံပြစ်ပွဲကြီး	လေလံပစ်ပွဲကြီး
Found!လေ့လာခဲရ	လေ့လာခဲ့ရ
Found!ငလေးစားမိပါတယ်	လေးစားမိပါတယ်
Found!လေးစားလျှက်	လေးစားလျက်
Found!လက္ခံမယ်လို့	လက်ခံမယ်လို့
Found!လက်နက်ကိ်ုင်တပ်	လက်နက်ကိုင်တပ်
Found!လက်နက်ကိ်ုင်	လက်နက်ကိုင်
Found!လက်မခံနိူင်ခြင်း	လက်မခံနိုင်ခြင်း
Found!လက်ရှိမှာတော	လက်ရှိမှာတော့
Found!လက်သည်းဆိုးဆေးနံ ့	လက်သည်းဆိုးဆေးနံ့
Found!လက်သည်းဆိ်ုးဆေးအနံ့	လက်သည်းဆိုးဆေးအနံ့
Found!လိ်ုက်တက်ခွင့်ရမှာပါ	လိုက်တက်ခွင့်ရမှာပါ
Found!လိုက်နိ်ုင်ကြပါတယ်	လိုက်နိုင်ကြပါတယ်
Found!လိုက်ဖက်နေတာ	လိုက်ဖတ်နေတာ
Found!လိုက်ဖက်နေတုန်း	လိုက်ဖတ်နေတုန်း
Found!လိ်ုက်လျောချက်	လိုက်လျောချက်
Found!လုပ်ကိ်ုင်	လုပ်ကိုင်
Found!လုပ်ပခဲ့တဲ့	လုပ်ခဲ့တဲ့
Found!လုပ်ငန်းှင်	လုပ်ငန်းရှင်
Found!လုပ် ငန် း	လုပ် ငန်း
Found!လုပ်နေသာလဲ	လုပ်နေတာလဲ
Found!လုပ်နိ်ုင်ကြတယ်	လုပ်နိုင်ကြတယ်
Found!လုပ်နိ်ုင်ဖို့ပဲ	လုပ်နိုင်ဖို့ပဲ
Found!လုပ်ပေးနိူင်တဲ့	လုပ်ပေးနိုင်တဲ့
Found!လုပ်ပြိးမှ	လုပ်ပြီးမှ
Found!လုပ်ဖေါ်ကိုင်ဖက်	လုပ်ဖော်ကိုင်ဖက်
Found!လုပ်ဖေါ်ကိုင်ဖက်	လုပ်ဖော်ကိုင်ဖက်
Found!လူပ်မပေးန်ုင်	လုပ်မပေးနိုင်
Found!လုပ်ရပါလိ်မ့်မယ်	လုပ်ရပါလိမ့်မယ်
Found!လမ်းပျော်နေမှာ	လမ်းပျောက်နေမှာ
Found!လမ်းဖေါက်လုပ်ရေး	လမ်းဖောက်လုပ်ရေး
Found!လိ်မ့်မယ်၊	လိမ့်မယ်၊
Found!လိ်မ့်မယ်	လိမ့်မယ်
Found!လေုံခြုံရေး	လုံခြုံရေး
Found!လုံံ့လ 	လုံ့လ 
Found!လယ်မြေသိမ်းးခံရတာနဲ့	လယ်မြေသိမ်းခံရတာနဲ့
Found!လျှာထားခံ	လျာထားခံ
Found!လျှော်ကြေး	လျော်ကြေး
Found!လွှဲသွားတယ်	လွဲသွားတယ်
Found!လွှတ်မြောက်ကျမှာပါ	လွတ်မြောက်ကြမှာပါ
Found!ခွတ်မြောက်လာမယ်	လွတ်မြောက်လာမယ်
Found!လွှတ်လပ်ရေး	လွတ်လပ်ရေး
Found!လှလှလေးဒေရမယ်	လှလှလေးတွေရမယ်
Found!လှူဒါန်လိုသူများ	လှူဒါန်းလိုသူများ
Found!လှုပေးဖို့	လှူပေးဖို့
Found!လှိုင်မြို ့နယ်	လှိုင်မြို့နယ်
Found!လှိုင်ခေါင်း	လှိုဏ်ခေါင်း
Found!လုူပ်ရှားကြ	လှုပ်ရှားကြ
Found!လှန်းအကြောင်းကြားမှပဲ	လှမ်းအကြောင်းကြားမှပဲ
Found!လျော့ချတယ်	လျှော့ချတယ်
Found!လျော့ချဖို့	လျှော့ချဖို့
Found!လျော်ရမယ် 	လျှော်ရမယ် 
Found!လျှို ့ဝှက်ချက်	လျှို့ဝှက်ချက်
Found!လျောက်ကြည့်တော့	လျှောက်ကြည့်တော့
Found!လျောက်လှမ်းနိူင်ပါစေ	လျှောက်လှမ်းနိုင်ပါစေ
Found!လျပ်စစ်ဓါတ်အား	လျှပ်စစ်ဓါတ်အား
Found!လွှတ်တာ်	လွှတ်တော်
Found!လွတ်ပေးခဲ့တာ	လွှတ်ပေးခဲ့တာ
Found!၂ဝ၁၂ဝ	၂ဝ၂ဝ
Found!၀ါတော် 	ဝါတော် 
Found!၀ါရှင်တန်	ဝါရှင်တန်
Found!ဝါသန်ပါခဲ့တော့	ဝါသနာပါခဲ့တော့
Found!ေးသလား	ဝေးသလား
Found!ဝင်ကြ၇တယ်	ဝင်ကြရတယ်
Found!ဝင် ငွေနည် းနေပေမဲ့	ဝင် ငွေနည်းနေပေမဲ့
Found!ဝိုင်ကူညီကြဖို့ 	ဝိုင်းကူညီကြဖို့ 
Found!ဝပ်ရှော့လး	ဝပ်ရှော့လေး
Found!ဝမ်းနည်းလားပီ	ဝမ်းနည်းလားပြီ
Found!ဝယ်မေတယိ	ဝယ်နေတယ်
Found!ဝယ်လိုက်မိ်တယ်	ဝယ်လိုက်မိတယ်
Found!သတင်းထောက်တိ်ုင်း	သတင်းထောက်တိုင်း
Found!သတင်းထောက	သတင်းထောက်
Found!သပိတ်မှောက်ဆို့ 	သပိတ်မှောက်စို့
Found!သဘောတူးချက်	သဘောတူချက်
Found!သိမြင်နိူင်စွမ်း	သိမြင်နိုင်စွမ်း
Found!သိသိသာသာကြိး	သိသိသာသာကြီး
Found!သီချင် းခွေ 	သီချင်းခွေ 
Found!သူတိို့ကို	သူတို့ကို
Found!သူတို ့လဲ 	သူတို့လဲ 
Found!သူတိ်ု့	သူတို့
Found!သူ တို ့	သူ တို့
Found!သူတို ့	သူတို့
Found!သရဲဘောကြောင်	သူရဲဘောကြောင်
Found!သူ့ကိ်ု	သူ့ကို
Found!သေခြာသလောက်	သေချာသလောက်
Found!သေဆုုံး ကုန်ရတယ်	သေဆုံး ကုန်ရတယ်
Found!သေသေခြာခြာ	သေသေချာချာ
Found!သံတုတ်ကိ်ု	သံတုတ်ကို
Found!သံယောဇ႕ဉ်	သံယောဇ႕ဉ်
Found!သို ့မဟုတ် 	သို့မဟုတ် 
Found!သို ့မဟုတ်	သို့မဟုတ်
Found!သက်ကြီးရွယ်အိ်ု	သက်ကြီးရွယ်အို
Found!သက်ဆိ်ုင်ရာ	သက်ဆိုင်ရာ
Found!သက်ဉီးဆံပိုင်	သက်ဦးဆံပိုင်
Found!သောက်စားချင်တိ်ုင်း	သောက်စားချင်တိုင်း
Found!သောက်တလွဲံ	သောက်တလွဲ
Found!တင်ခိုင်းစေချင်တယ်	သင်ခိုင်းစေချင်တယ်
Found!သင်္ချာိ	သင်္ချာ
Found!သင်တန်းသားတွေံ	သင်တန်းသားတွေ
Found!သင်ဖြူ းဖျာကလေး	သင်ဖြူးဖျာကလေး
Found!သည့်ခံနိူင်တဲ့	သည်းခံနိုင်တဲ့
Found!သန် ့ရှင်းရမယ် 	သန့်ရှင်းရမယ် 
Found!သိန် း	သိန်း
Found!သိ်ပ်ကို 	သိပ်ကို 
Found!သိတ်ဂရုမစိုက်ကြလို့	သိပ်ဂရုမစိုက်ကြလို့
Found!သိပ်မှားတါ	သိပ်မှားတာ
Found!သီမ်းဆည်းခဲ့ ပြီး 	သိမ်းဆည်းခဲ့ ပြီး 
Found!သိ်မ်းယူဖို့ 	သိမ်းယူဖို့ 
Found!သြစတေးလျှ	သြစတေးလျ
Found!သွားတောမယ်တဲ့	သွားတော့မယ်တဲ့
Found!သွားထိ်ုင်	သွားထိုင်
Found!သွေဖည်နိုင်	သွေဖယ်နိုင်
Found!သွေးကြောကျဥ်း	သွေးကြောကျဉ်း
Found!သွယ်တန်းပေးနိူင်ဆဲ	သွယ်တန်းပေးနိုင်ဆဲ
Found!ဟောပြောနေစဉ့်	ဟောပြောနေစဉ်
Found!ဟုတ္ကဲ့	ဟုတ်ကဲ့
Found!ဟုတ်နေခဲ့တာဘဲ	ဟုတ်နေခဲ့တာပဲ
Found!အကူညီတောင်ခံတာပါ	အကူညီတောင်းခံတာပါ
Found!အကူအညီတောင်မလား	အကူအညီတောင်းမလား
Found!အကောင်အထည် ဖေါ်နေတဲ့ 	အကောင်အထည် ဖော်နေတဲ့ 
Found!အကောင်အထည် ဖောက်နိုင်ဖို့	အကောင်အထည် ဖော်နိုင်ဖို့
Found!အကောင်းဆုံးဖစ်အောင်	အကောင်းဆုံးဖြစ်အောင်
Found!အကျိူးကျေးဇူး	အကျိုးကျေးဇူး
Found!အကျိုးစီးပွါး	အကျိုးစီးပွား
Found!အကျိုူးပေးမှာပါ	အကျိုးပေးမှာပါ
Found!အကျီူးပြုနေလို့ပါ	အကျိုးပြုနေလို့ပါ
Found!အကျိုးရလာဒ်	အကျိုးရလဒ်
Found!အကျင်း 	အကျင့်
Found!အကြပ်အတည်း	အကျပ်အတည်း
Found!အကြိးအကျယ်	အကြီးအကျယ်
Found!အကြံအဉာဏ်	အကြံဉာဏ်
Found!အကြောင် းတွေပဲ 	အကြောင်းတွေပဲ 
Found!အကြောင် း 	အကြောင်း 
Found!အကြောင် း	အကြောင်း
Found!အကျိတ်အနယ်	အကြိတ်အနယ်
Found!အကြမ်းဘက်သမား	အကြမ်းဖက်သမား
Found!အကြမ်းဘက်	အကြမ်းဖက်
Found!အခိ်ုင်အမာ	အခိုင်အမာ
Found!အခိ်ုင်းအစေ	အခိုင်းအစေ
Found!အချိနါကုန်သွားတယ်	အချိန်ကုန်သွားတယ်
Found!ချိန်တန်ရင်	အချိန်တန်ရင်
Found!အချိန်မဟာ	အချိန်မှာ
Found!ချုပ်အခြာအာဏာ	အချုပ်အခြာအာဏာ
Found!အခြေနေ	အခြေအနေ
Found!အခွင် ့အရေး	အခွင့်အရေး
Found!အငြိုတေးထားခြင်း	အငြိုးတေးထားခြင်း
Found!အငြင်းပွါးမှု	အငြင်းပွားမှု
Found!အညင်းပွါးမှု	အငြင်းပွားမှု
Found!အညှင်းပွါး	အငြင်းပွား
Found!အဌားသုံးဖို့ဘဲ	အငှားသုံးဖို့ပဲ
Found!အစပိုင် း 	အစပိုင်း 
Found!အစိုးရရက	အစိုးရက
Found!အစွဲအလမ်းကြီးပီး	အစွဲအလမ်းကြီးပြီး
Found!အဆင်မပြေမှု့	အဆင်မပြေမှု
Found!အဆင်မပြေမှူ	အဆင်မပြေမှု
Found!အဆင်သင့် ဖစ်ပြီလား	အဆင်သင့် ဖြစ်ပြီလား
Found!အဆင့်အတန်းသိအောင်လုပ်ပြစ်လိုက်	အဆင့်အတန်းသိအောင်လုပ်ပစ်လိုက်
Found!အဆိပ်ဓါတ်ငွေ့	အဆိပ်ဓာတ်ငွေ့
Found!အဆုံးမတော့ 	အဆုံးမတော့ 
Found!အတူူတူ	အတူတူ
Found!အတော်များများကြ	အတော်များများက
Found!အတိ်ုင်ပင်ခံ	အတိုင်ပင်ခံ
Found!အတည်ပြုနိ်ုင်တဲ့	အတည်ပြုနိုင်တဲ့
Found!အတည်ပြုဖို	အတည်ပြုဖို့
Found!အတတ်နိူင်ဆုံး	အတတ်နိုင်ဆုံး
Found!အတ ွက် 	အတွက် 
Found!အတွင် းထဲ	အတွင်းထဲ
Found!အထဲမှာကိုဘဲ	အထဲမှာကိုပဲ
Found!အထောက်အပှံ့	အထောက်အပံ့
Found!အဓိကတော့	အဓိကကတော့
Found!အဓိကမကြပါ	အဓိကမကျပါ
Found!အနားမယူမိခဲဲ့ရင် 	အနားမယူမိခဲ့ရင် 
Found!အနီအနား	အနီးအနား
Found!အနနဲ့တော့	အနေနဲ့တော့
Found!အနေနဲ.သာ	အနေနဲ့သာ
Found!အနံ ့အသက်	အနံ့အသက်
Found!အနိူင်ယူမယ့်	အနိုင်ယူမယ့်
Found!အနည် းငယ်	အနည်းငယ်
Found!အနည်းယေ်	အနည်းငယ်
Found!ဘအနိမ့်ဆုံး	အနိမ့်ဆုံး
Found!အနှောက်အယှက်	အနှောင့်အယှက်
Found!အနှောက်အယှက်	အနှောင့်အယှက်
Found!အနစ်သာရ	အနှစ်သာရ
Found!အပုူတပြင်း	အပူတပြင်း
Found!အပိုင် း	အပိုင်း
Found!အပျာ်အပါးတွေ	အပျော်အပါးတွေ
Found!အပျင်းပြေလာ	အပျင်းပြေလား
Found!အပြေားအဆို	အပြောအဆို
Found!အပြောင်အလဲ	အပြောင်းအလဲ
Found!မပစ်မတင်တက်ပါ	အပြစ်မတင်တတ်ပါ
Found!အပစ်မြင်ပါတော့တယ်	အပြစ်မြင်ပါတော့တယ်
Found!အဖီးကျိူးများ	အဖီးကျီးများ
Found!အဖြေရှာပေးလိမ် ့မည် 	အဖြေရှာပေးလိမ့်မည် 
Found!အဖွဲ့ငယ်ပေါင်းး	အဖွဲ့ငယ်ပေါင်း
Found!အဖွဲ ့ဝင်	အဖွဲ့ဝင်
Found!အဖွဲ ့အစည်းများ	အဖွဲ့အစည်းများ
Found!အမျိိုးကု	အမျိုးကု
Found!အမျိူးသမီး	အမျိုးသမီး
Found!အမျီုူသမီး	အမျိုးသမီး
Found!အမျိုုးသမီး	အမျိုးသမီး
Found!အမျိ ုးသား	အမျိုးသား
Found!အမှူစစ်	အမှုစစ်
Found!အမှုလိုက်ခဲတာ	အမှုလိုက်ခဲ့တာ
Found!အမှောင်ကြတဲ့ညပေါ့	အမှောင်ကျတဲ့ညပေါ့
Found!အမှတ်တမဲ ့	အမှတ်တမဲ့
Found!အမှတ် တေလည်း	အမှတ် တွေလည်း
Found!အမှန်အတိ်ုင်း	အမှန်အတိုင်း
Found!အရယူပေခဲ့တဲ့	အရယူပေးခဲ့တဲ့
Found!အရာ၇ှိ	အရာရှိ
Found!အရေကျုံ ့ပြီ	အရေကျုံ့ပြီ
Found!အရေးအပေါ်	အရေးပေါ်
Found!အရေးယူနိ်ုင်မယ့်	အရေးယူနိုင်မယ့်
Found!အရင် းနှီး 	အရင်းနှီး 
Found!အရင် းနှီး	အရင်းနှီး
Found!အရင် းအနှီး 	အရင်းအနှီး 
Found!အရင် းအနှီး	အရင်းအနှီး
Found!အရရစ်ကျ	အရစ်ကျ
Found!အရမ်းကျနေတပြီး	အရမ်းကျနေပြီး
Found!အရှုံးပေါ်နေစဲ	အရှုံးပေါ်နေဆဲ
Found!အလကားပေသုံး	အလကားပေးသုံး
Found!အလကားရနိူင်တာ	အလကားရနိုင်တာ
Found!အလိုမရှိဖူး	အလိုမရှိဘူး
Found!အလိုအလောက်	အလိုအလျောက်
Found!အလုပ်လုပ်မဲ့	အလုပ်လက်မဲ့
Found!အလျှော်လိုချင်တာမျိုး	အလျော်လိုချင်တာမျိုး
Found!အလွှဲသုံးစားလုပ်တယ်	အလွဲသုံးစားလုပ်တယ်
Found!အလွန်အကျွှံ	အလွန်အကျွံ
Found!အလ ျှင်း	အလျှင်း
Found!အဝတ်လျော်စက်	အဝတ်လျှော်စက်
Found!အသေရေဖျက်မှု	အသရေဖျက်မှု
Found!အသအပျောက်	အသေအပျောက်
Found!အသက်မပြည်သေးတဲ့	အသက်မပြည့်သေးတဲ့
Found!အသက်ရှုကျပ်	အသက်ရှူကြပ်
Found!အသက်ရှင်ဉီးမှာပါ	အသက်ရှင်ဦးမှာပါ
Found!အသင် းရှိသလို	အသင်းရှိသလို
Found!အသင် းလဲ ရှိသည် 	အသင်းလဲ ရှိသည် 
Found!အသင် းလဲ	အသင်းလဲ
Found!အသင် း 	အသင်း 
Found!အသင် း 	အသင်း 
Found!အသိ်ုင်းအဝိုင်း	အသိုင်းအဝိုင်း
Found!အသုံးချလိုက် ခြင် း	အသုံးချလိုက် ခြင်း
Found!အသွင်းအပြင်	အသွင်အပြင်
Found!အာဏာပိုငင်	အာဏာပိုင်
Found!အာဏိသင်တွေ	အာနိသင်တွေ
Found!အာမညောင်းသရွေ ့	အာမညောင်းသရွေ့
Found!အာရုံမစိုက် သင် ့ပါ	အာရုံမစိုက် သင့်ပါ
Found!အာရှနိ်ုင်ငံ	အာရှနိုင်ငံ
Found!အားကစားဘတ်	အားကစားဘက်
Found!အာကိုးမလဲ	အားကိုးမလဲ
Found!အားပေး အားမြှောက်မှု့	အားပေး အားမြှောက်မှု
Found!အားပေးအားမြောက်	အားပေးအားမြှောက်
Found!အားလု့း	အားလုံး
Found!အီသီယိုးပီးယာား	အီသီယိုးပီးယား
Found!ဥပတီရုပ်	ဥပတိရုပ်
Found!ဥမမာ 	ဥပမာ 
Found!ဉီးတင်မောင်ဆွေ	ဦးတင်မောင်ဆွေ
Found!ဦးထွန်းနိူင်	ဦးထွန်းနိုင်
Found!ဦုးလေးကလဲ	ဦးလေးကလဲ
Found!ဧပြီလမွး	ဧပြီလဖွား
Found!အဲဒီလိုနဲ 	အဲဒီလိုနဲ့
Found!အဲဒီတုန်းက	အဲဒီ့တုန်းက
Found!အဲဒီအတွက်	အဲဒီ့အတွက်
Found!အဲ့လိုဆိူရင်ကော	အဲ့လိုဆိုရင်ကော
Found!အံ့သြတုန်လုပ်	အံ့သြတုန်လှုပ်
Found!အံ့သြဖွယ်ရာ	အံ့သြဖွယ်ရာ
Found!အံ့ကြတာလဲ	အံ့ဩကြတာလဲ
Found!အိုထှာအေ	အိုတာအေ
Found!ဥက ္ကလာပ	ဥက္ကလာပ
Found!အင်္က ျီ	အင်္ကျီ
Found!အင်တာပျူ 	အင်တာဗျူး
Found!အင်းအားဖြည့်	အင်အားဖြည့်
Found!အောင်နိူင်စိုး	အောင်နိုင်စိုး
Found!အောင်ပီးသား	အောင်ပြီးသား
Found!အောင်မြင်မှု့	အောင်မြင်မှု
Found!အိုင် ဒီယာကောင် းတွေရှိရင်	အိုင် ဒီယာကောင်းတွေရှိရင်
Found!အိုင် ဒီယာကောင် း	အိုင် ဒီယာကောင်း
Found!အစ္စလာ်မ်မစ်ဘာသာ	အစ္စလာမ်မစ်ဘာသာ
Found!အစ္စလာမ်မ်စ	အစ္စလာမ်မ်
Found!အိ်တ်ဖွင့်ပေးစာ	အိတ်ဖွင့်ပေးစာ
Found!ဓမန္တရာယ်	အန္တရာယ်
Found!အန္တ/ရာယ်	အန္တရာယ်
Found!အန္တာရာယ်	အန္တရာယ်
Found!အိမ ်ထောင်သည် 	အိမ်ထောင်သည် 
Found!အိမ်နီးချင်းနိ်ုင်ငံတွေ	အိမ်နီးချင်းနိုင်ငံတွေ
Found!အွန်လိုင်းစံနစ်	အွန်လိုင်းစနစ်
