\BOOKMARK [1][-]{section.1}{Introduction}{}% 1
\BOOKMARK [1][-]{section.2}{Data\040Preparation}{}% 2
\BOOKMARK [2][-]{subsection.2.1}{Audio\040Data}{section.2}% 3
\BOOKMARK [2][-]{subsection.2.2}{Acoustic\040Data}{section.2}% 4
\BOOKMARK [3][-]{subsubsection.2.2.1}{text}{subsection.2.2}% 5
\BOOKMARK [3][-]{subsubsection.2.2.2}{spk2gender}{subsection.2.2}% 6
\BOOKMARK [3][-]{subsubsection.2.2.3}{utt2spk}{subsection.2.2}% 7
\BOOKMARK [3][-]{subsubsection.2.2.4}{wav.scp}{subsection.2.2}% 8
\BOOKMARK [2][-]{subsection.2.3}{Language\040Data}{section.2}% 9
\BOOKMARK [1][-]{section.3}{Methodology}{}% 10
\BOOKMARK [2][-]{subsection.3.1}{Feature\040Extraction}{section.3}% 11
\BOOKMARK [3][-]{subsubsection.3.1.1}{Delta\040feature\040computation}{subsection.3.1}% 12
\BOOKMARK [3][-]{subsubsection.3.1.2}{LDA+MLLT}{subsection.3.1}% 13
\BOOKMARK [2][-]{subsection.3.2}{Acoustic\040Model}{section.3}% 14
\BOOKMARK [3][-]{subsubsection.3.2.1}{Hidden\040Markov\040Model\040\(HMM\)}{subsection.3.2}% 15
\BOOKMARK [3][-]{subsubsection.3.2.2}{Gaussian\040Mixture\040Model\040\(GMM\)}{subsection.3.2}% 16
\BOOKMARK [2][-]{subsection.3.3}{Language\040Model}{section.3}% 17
\BOOKMARK [2][-]{subsection.3.4}{Weighted\040Finite-state\040Transducer\040\(WFST\)}{section.3}% 18
\BOOKMARK [1][-]{section.4}{Experiment}{}% 19
\BOOKMARK [2][-]{subsection.4.1}{Training\040Monophone\040Models\040\(Mono\)}{section.4}% 20
\BOOKMARK [2][-]{subsection.4.2}{Training\040Tri-phone\040Models\040\(Tri1\)}{section.4}% 21
\BOOKMARK [2][-]{subsection.4.3}{Training Tri-phone Model with Δ+ΔΔ Features \(Tri2\)}{section.4}% 22
\BOOKMARK [2][-]{subsection.4.4}{Training\040Tri-phone\040Model\040with\040LDA+MLLT\040Features\040\(Tri2\)}{section.4}% 23
\BOOKMARK [2][-]{subsection.4.5}{Speaker\040Adaptive\040Training\040\(Tri3\)}{section.4}% 24
\BOOKMARK [1][-]{section.5}{Evaluation}{}% 25
\BOOKMARK [2][-]{subsection.5.1}{Evaluation\040on\040Training\040Data\040Size}{section.5}% 26
\BOOKMARK [2][-]{subsection.5.2}{Evaluation\040with\040N-gram\040Language\040Model}{section.5}% 27
\BOOKMARK [2][-]{subsection.5.3}{Evaluation\040on\040Training\040with\040Different\040Model\040Size}{section.5}% 28
\BOOKMARK [1][-]{section.6}{Conclusion}{}% 29
\BOOKMARK [1][-]{section*.9}{References}{}% 30
