Found!ကလော်ထုတ်ခြင်တော့တာပါဘဲ	ကလော်ထုတ်ချင်တော့တာပါဘဲ
Found!ကာကွယ်နိ်ုင်အောင်	ကာကွယ်နိုင်အောင်
Found!ကါရဂ ံရှင်	ကာယကံရှင်
Found!ကာရဝေလ႞	ကာရဝေလ
Found!ကားကျပ်တာရယ်	ကားကြပ်တာရယ်
Found!ကားမောင်သမား	ကားမောင်းသမား
Found!ကုူညီစောင့်ရှောက်ရမှာပေါ့	ကူညီစောင့်ရှောက်ရမှာပေါ့
Found!ကူးသွားပါတယျ	ကူးသွားပါတယ်
Found!ကဲ့သလို၊	ကဲ့သို့၊
Found!ကော်မီတိ	ကော်မတီ
Found!ကော်မီတီ	ကော်မတီ
Found!ကိုကိုဂြာီး	ကိုကိုကြီး
Found!ကိုးကန် ့ 	ကိုးကန့်
Found!ကောက်ကိုင်လိ်ုက်မိသည်	ကောက်ကိုင်လိုက်မိသည်
Found!ကင်းလွခွင့်	ကင်းလွတ်ခွင့်
Found!ကောင်းကောငး်	ကောင်းကောင်း
Found!ကောင်းကျပါတယ်	ကောင်းကြပါတယ်
Found!ကောင်းပဗျာ	ကောင်းပါ့ဗျာ
Found!ကိုင်တယ်ဖြေရှင်းပေးဖို့	ကိုင်တွယ်ဖြေရှင်းပေးဖို့
Found!ကန်းတော့ပါသည်	ကန်တော့ပါသည်
Found!ကုန်ဆုူံစေပါတယ်	ကုန်ဆုံးစေပါတယ်
Found!ကုန်ဆုံးပြိး	ကုန်ဆုံးပြီး
Found!ကုန် ပစ္စည် း	ကုန် ပစ္စည်း
Found!ကုတ်သွယ်ရေး	ကုန်သွယ်ရေး
Found!ကပ်နေပါဘီနော်	ကပ်နေပါပြီနော်
Found!ကတ်မှီသွားနဲ့	ကပ်မှီသွားနဲ့
Found!ကမ္ဘာ့ကျော်	ကမ္ဘာကျော်
Found!ကမ္ဘ္ဒာမှာ	ကမ္ဘာမှာ
Found!ကမ် းလှမ် းမှု	ကမ်းလှမ်းမှု
Found!ကမ် းလှမ် းလိုက် သည်	ကမ်းလှမ်းလိုက် သည်
Found!ကယ်တိုင်နိုင်ခဲ့ပါတယ်	ကယ်တင်နိုင်ခဲ့ပါတယ်
Found!ကိုယ်ခြင်းစာ	ကိုယ်ချင်းစာ
Found!ကိုယ်ချင်းစာကြည့်စေချင်တယ််	ကိုယ်ချင်းစာကြည့်စေချင်တယ်
Found!ကိယ် ချင်းမစာ	ကိုယ်ချင်းမစာ
Found!ကိုယ်စားလည်	ကိုယ်စားလှယ်
Found!ကိုယ်စီကိုယ်ဌ	ကိုယ်စီကိုယ်ငှ
Found!ကိ်ုယ်စီနဲ့	ကိုယ်စီနဲ့
Found!ကိုယ့်တိုင်ကစပြီး	ကိုယ်တိုင်ကစပြီး
Found!ကိုယ်တိ်ုင်ကိုယ်ကျ	ကိုယ်တိုင်ကိုယ်ကျ
Found!ကိ်ုယ်တိုင်လည်း	ကိုယ်တိုင်လည်း
Found!ကိုယ် ပို်ုင် 	ကိုယ် ပိုင် 
Found!ကိုယ်လုံုးတီး	ကိုယ်လုံးတီး
Found!ကိုယ်အလေးချိ်န်	ကိုယ်အလေးချိန်
Found!ကိုယ့်ကိုယ်ကိုယ်လညး်	ကိုယ့်ကိုယ်ကိုယ်လည်း
Found!ကို့နိုင်ငံထုတ်ပစ္စည်းကို 	ကိုယ့်နိုင်ငံထုတ်ပစ္စည်းကို 
Found!ကိ်ုယ့်ဟာကိ်ုယ်တော့	ကိုယ့်ဟာကိုယ်တော့
Found!ကိုယ့်အသိစိတ်နဲ့ကိုုယ်	ကိုယ့်အသိစိတ်နဲ့ကိုယ်
Found!ကြေနပ်တာမဟုတ်ဘူး	ကျေနပ်တာမဟုတ်ဘူး
Found!ကြေနပ်နိုင်မှု	ကျေနပ်နိုင်မှု
Found!ကျေးကျွှန်	ကျေးကျွန်
Found!ကျေးဂျူးတင်ပါတယ်	ကျေးဇူးတင်ပါတယ်
Found!ကျေးရွာကိ်ု	ကျေးရွာကို
Found!ကျေး၇ွာ	ကျေးရွာ
Found!ကျောက်တငွ်းကြီး	ကျောက်တွင်းကြီး
Found!ကျောက်ပနナု 	ကျောက်ပနု
Found!ကျောင် းတွင် းသို့	ကျောင်းတွင်းသို့
Found!ကျောင်းရောက်နေပါပီဏော်	ကျောင်းရောက်နေပါပီနော်
Found!ကျောင် းသား	ကျောင်းသား
Found!ကျောင်းသားတွေဘဲ	ကျောင်းသားတွေပဲ
Found!ကျောင်းသွားနေကျ	ကျောင်းသွားနေကြ
Found!ကျန် သည် ့ 	ကျန် သည့်
Found!ကျန်းမာရေးဘတ်	ကျန်းမာရေးဘက်
Found!ကျုပ်တို ့က	ကျုပ်တို့က
Found!ကြျသွားခဲ့ပါတယ်	ကြသွားခဲ့ပါတယ်
Found!ကြာတော့မှာ	ကြာတော့မှ
Found!ကြားခဲ့၇တော့တာပါပဲ	ကြားခဲ့ရတော့တာပါပဲ
Found!ကြားဘူးတယ်	ကြားဖူးတယ်
Found!ကြီးဆိုးလာနိုင်တယ်	ကြီးစိုးလာနိုင်တယ်
Found!ကြီးပြင်းခဲရ	ကြီးပြင်းခဲ့ရ
Found!ကြီးပြင်းခဲ့၇တဲ့	ကြီးပြင်းခဲ့ရတဲ့
Found!ကြိးပြင်းခဲ့၇တယ်	ကြီးပြင်းခဲ့ရတယ်
Found!ကြော် ညာ	ကြော်ငြာ
Found!ကြော် ညာခ	ကြော်ငြာခ
Found!ကြောညာတွေ	ကြော်ငြာတွေ
Found!ကြော် ညာပေးခြင် း	ကြော် ညာပေးခြင်း
Found!ကြော် ညာပေးရင် း 	ကြော် ညာပေးရင်း 
Found!ကြိုတင်ပြင်ဆင်ချျိန်	ကြိုတင်ပြင်ဆင်ချိန်
Found!ုကြိုးစားစရာတွေကို	ကြိုးစားစရာတွေကို
Found!ကျိုးစားပြီး	ကြိုးစားပြီး
Found!ကြိုးစာရှာရ	ကြိုးစားရှာရ
Found!ကြိုးပမ်းမှေု	ကြိုးပမ်းမှု
Found!ကျိုးပမ်းမှုတွေ	ကြိုးပမ်းမှုတွေ
Found!ကြောက်ရွှံခြင်း	ကြောက်ရွှံ့ခြင်း
Found!ုကြည့်ကောင်းတာကျမတူတော့ဘူး	ကြည့်ကောင်းတာကျမတူတော့ဘူး
Found!ကြည့်ု	ကြည့်
Found!ကြည့်ဒဲ့သူ	ကြည့်တဲ့သူ
Found!ကြည့်တတ်ဘို 	ကြည့်တတ်ဖို့
Found!ကြည့်နေမယ့်	ကြည့်နေမယ့်
Found!ကြည့်ပါဦးဓ	ကြည့်ပါဦး
Found!ကြည့်ပြေားစေချင်တယ်	ကြည့်ပြောစေချင်တယ်
Found!ကြည့်ရှှုု	ကြည့်ရှု
Found!ကြည့်ရှု ့ရန် 	ကြည့်ရှုရန် 
Found!ကြည့်ရှူုသူ	ကြည့်ရှူသူ
Found!ကြည့်လိ်ုက်လို.	ကြည့်လိုက်လို့
Found!ကြုံကြိုက်တုံး	ကြုံကြိုက်တုန်း
Found!ကြုံးသလို	ကြုံသလို
Found!ကွေ့ပတ်တ်	ကွေ့ပတ်
Found!ကွန်ခရစ်တုံး	ကွန်ကရစ်တုံး
Found!ကျွန်တော်တို ့ကို	ကျွန်တော်တို့ကို
Found!ကျွန်တော်တိ်ု့	ကျွန်တော်တို့
Found!ကျွမ် းကျင် တယ်	ကျွမ်းကျင် တယ်
Found!ကြွမ်းကျင်သူများ	ကျွမ်းကျင်သူများ
Found!ခများတို ့	ခဗျားတို့
Found!ခများတို ့	ခဗျားတို့
Found!ခါးချိတ်လိ်ု့	ခါးချိတ်လို့
Found!၂၀၁၄ာခုနှစ် 	၂၀၁၄ ခုနှစ် 
Found!ခံနိုင်မူ	ခံနိုင်မှု
Found!ခိုလုံခဲ့ရတာ	ခိုလှုံခဲ့ရတာ
Found!ခက်ခဲလွမ်းပါတယ်	ခက်ခဲလွန်းပါတယ်
Found!ခင် ညွန် ့	ခင် ညွန့်
Found!ခေါင်းစဥ်	ခေါင်းစဉ်
Found!ခေါင်းပြူကြည့်ကြအုန်	ခေါင်းပြူကြည့်ကြအုံး
Found!ခုတ်ထည့်လိုပ်မယ်	ခုတ်ထည့်လိုက်မယ်
Found!ခန္ဓာကိ်ုယ်	ခန္ဓာကိုယ်
Found!ချို ့ယွင်းချက်	ချို့ယွင်းချက်
Found!ချိုးဖေါက်တာ	ချိုးဖောက်တာ
Found!ချိုးဖေါက်တာတွေ	ချိုးဖောက်တာတွေ
Found!ချုးဖောက်မှု	ချိုးဖောက်မှု
Found!ချက်ကျွေူးတာ	ချက်ကျွေးတာ
Found!ချစ်ခွန်းချိိုသာ	ချစ်ခွန်းချိုသာ
Found!ချုပ်ကိ်ုင်တယ်	ချုပ်ကိုင်တယ်
Found!ခြေထှောက်နဲ ့	ခြေထှောက်နဲ့
Found!ရ၇ ခြေမြန်တပ်မ	၇၇ ခြေမြန်တပ်မ
Found!ခြိမ်းချောက်	ခြိမ်းခြောက်
Found!ခြိမ်းချောက်မှု	ခြိမ်းခြောက်မှု
Found!ခွေဘေးမဲ့ခြံကြီး	ခွေးဘေးမဲ့ခြံကြီး
Found!ခွဲပေးမာလဲ	ခွဲပေးမှာလဲ
Found!ခွင့်မလွတ်ပါနဲ့	ခွင့်မလွှတ်ပါနဲ့
Found!ဂရုစိ်ုက်	ဂရုစိုက်
Found!ဂရံတိီကဒ်ပါ	ဂရံတီကဒ်ပါ
Found!ဂုဏယူချင်ရင် 	ဂုဏ်ယူချင်ရင် 
Found!ဂုဏ်လည်ယူပါတယ်	ဂုဏ်လည်းယူပါတယ်
Found!ဂျင်းထည့်တယ်ကောင်	ဂျင်းထည့်တဲ့ကောင်
Found!ငယ်ငယ်တုံးက	ငယ်ငယ်တုန်းက
Found!ယေ်ယေ်တုန်းကလည်း	ငယ်ငယ်တုန်းကလည်း
Found!ယေ်သေးတယ်လေ	ငယ်သေးတယ်လေ
Found!ညည်းငွေ့ဖို့	ငြီးငွေ့ဖို့
Found!ငွေကြေား	ငွေကြေး
Found!ငွေရှာလာသည် ့	ငွေရှာလာသည့်
Found!ဌားဝတ်လိုက်ရုံပေါ့	ငှားဝတ်လိုက်ရုံပေါ့
Found!စကားပြောရမည် ့ 	စကားပြောရမည့်
Found!စာတိုကုူးကြတာဖြစ်လို့ 	စာတိုကူးကြတာဖြစ်လို့ 
Found!စာသင်မဲကိစ္စ	စာသင်မဲ့ကိစ္စ
Found!စားလိုးရသည်	စားလို့ရသည်
Found!စီစဉ်ပေးနိူင်	စီစဉ်ပေးနိုင်
Found!စီးနှင် းသူ 	စီးနှင်းသူ 
Found!စီးပွားေ၇း	စီးပွားရေး
Found!စီးပွါးရေးဆိုင်ရာ	စီးပွားရေးဆိုင်ရာ
Found!စံချိန်စံညွန်း 	စံချိန်စံညွှန်း
Found!စိ့းမိုးရေး	စိုးမိုးရေး
Found!စိုးရိမ်ကြောင့်ကျ	စိုးရိမ်ကြောင့်ကြ
Found!စောက်ဟြေ	စောက်ပြော
Found!စြင်္ကန်လမ်း	စင်္ကြန်လမ်း
Found!စောင့်ရှောက်နိူင်ပါစေကြောင်း	စောင့်ရှောက်နိုင်ပါစေကြောင်း
Found!စောင် ့လိုက်	စောင့်လိုက်
Found!စ်ုင်းမော်ခမ်း	စိုင်းမော်ခမ်း
Found!စစ်ဗိ်ုလ်ချုပ်	စစ်ဗိုလ်ချုပ်
Found!စစ်ဘေးဒုက္ခသည်စခမ်း	စစ်ဘေးဒုက္ခသည်စခန်း
Found!စစ်ရေးိပြ	စစ်ရေးပြ
Found!စစ်ရေးပြသနာ	စစ်ရေးပြဿနာ
Found!စဥ်းစားကြည့်ကြပါ	စဉ်းစားကြည့်ကြပါ
Found!စဥ်းစားကြည့်နေတာ	စဉ်းစားကြည့်နေတာ
Found!စ႕ဉ်းစားကြည့်ပါ	စ႕ဉ်းစားကြည့်ပါ
Found!စဥ်းစားထားတာ	စဉ်းစားထားတာ
Found!စဥ်းစားနေတာ	စဉ်းစားနေတာ
Found!စဥ်စားမိတာ	စဉ်းစားမိတာ
Found!စဥ်စားလိုက်တာပေါ့	စဉ်းစားလိုက်တာပေါ့
Found!စဉ်စားသင့်ပြီ	စဉ်းစားသင့်ပြီ
Found!စည်းစညိးလုံးလုံး	စည်းစည်းလုံးလုံး
Found!စည်းဖောက်မှူ	စည်းဖောက်မှု
Found!စီးဝေးပွဲ	စည်းဝေးပွဲ
Found!စိတ် ကူးကောင် း	စိတ် ကူးကောင်း
Found!စိတ်ကုန်လေဘဲ့	စိတ်ကုန်လေပဲ
Found!စိတ်ခံစားမှု့	စိတ်ခံစားမှု
Found!စိတ်ဆင်းရဲ ရလွနး်လို့	စိတ်ဆင်းရဲ ရလွန်းလို့
Found!စိတ် ဖြင် ့	စိတ် ဖြင့်
Found!စိတ်မကောင်ဖြစ်ရပါတယ်	စိတ်မကောင်းဖြစ်ရပါတယ်
Found!စိတ်မချမ်းမြေ့	စိတ်မချမ်းမြေ့
Found!စိတ် းကူးကောင် းတွေ	စိတ်းကူးကောင်းတွေ
Found!စမ် းသပ် ချင် သည် ့	စမ်းသပ် ချင် သည့်
Found!စမ်းသပ်မောင်နှင်မှု	စမ်းသပ်မောင်းနှင်မှု
Found!စုံစမ်းစစ်ဆွေးမယ့်	စုံစမ်းစစ်ဆေးမယ့်
Found!စုံစမ်းထောက်လှန်းမှု	စုံစမ်းထောက်လှမ်းမှု
Found!စုံးစမ်းမှုမျိုး	စုံစမ်းမှုမျိုး
Found!စွဲချက်တင်နိ်ုင်သောကြောင့်	စွဲချက်တင်နိုင်သောကြောင့်
Found!စွန်းစွန်းလောင်	စွန်းစွန်းလောက်
Found!စွမ် းဆောင်	စွမ်းဆောင်
Found!ဆုတောင်းပေးကြပါအုံးဗျာ	ဆုတောင်းပေးကြပါဦးဗျာ
Found!ဆေးရုံတွေစီ	ဆေးရုံတွေဆီ
Found!ဆေးရုံသွားပြ ဘို ့	ဆေးရုံသွားပြဖို့
Found!ဆြော့ကတာဗျ	ဆော့ကြတာဗျ
Found!ဆိုတာ ကိုတ	ဆိုတာ ကိုက
Found!ဆိုတေ ာ့ 	ဆိုတော့
Found!ဆိုပီးတော့	ဆိုပြီးတော့
Found!ဆိုရှယ်လစ်နဲလဲ	ဆိုရှယ်လစ်နဲ့လဲ
Found!ဆိုးကျိူးတွေ	ဆိုးကျိုးတွေ
Found!စိုးဝါးနေတယ်	ဆိုးဝါးနေတယ်
Found!ဆက်တံတာမျိုး	ဆက်ဆံတာမျိုး
Found!ဆက်လျှောက်ရမယ်	ဆက်လျှောက်ရမယ့်
Found!ဆက်သွယ်နိူင်ပါတယ်	ဆက်သွယ်နိုင်ပါတယ်
Found!ဆင်ဆင်ချင်ချင်	ဆင်ဆင်ခြင်ခြင်
Found!ဆင်ရဲခဲ့ပုံ	ဆင်းရဲခဲ့ပုံ
Found!ဆောင်ရွက် နိ်ုင်ခြေရှိတဲ့ 	ဆောင်ရွက် နိုင်ခြေရှိတဲ့ 
Found!ဆောင်ရွှက်ပါတယ် 	ဆောင်ရွက်ပါတယ် 
Found!ဆုံးဖြတ်ပီး	ဆုံးဖြတ်ပြီး
Found!ဆုံးရှူံး	ဆုံးရှုံး
Found!ဆုံးရှုံးနစ်နစ်	ဆုံးရှုံးနစ်နာ
Found!ဆုံးရှုံမှု	ဆုံးရှုံးမှု
Found!ဆေးွနွေးနေကြသော	ဆွေးနွေးနေကြသော
Found!ဆွေးနွေးပွဲလေ	ဆွေးနွေးပွဲလေး
Found!ဆေးွနွေးမယ့်	ဆွေးနွေးမယ့်
Found!ဆွဲဆောင်မှု့	ဆွဲဆောင်မှု
Found!ဇူလိ်ုင်လ	ဇူလိုင်လ
Found!ဇောတ်ကားများကို	ဇာတ်ကားများကို
Found!ဇာတ်လမး်ကြိး	ဇာတ်လမ်းကြီး
Found!ဇွတ်ကြီးပါဟယ်လ်	ဇွတ်ကြီးပါဟယ်
Found!ဈေးလျော့ချင်လျော့	ဈေးလျှော့ချင်လျှော့
Found!ညိုည်ိုသင်း	ညိုညိုသင်း
Found!ညင်းပနး်နှိပ်စက်	ညင်းပန်းနှိပ်စက်
Found!ညှိခဲ့တာ်တွေ	ညှိခဲ့တာတွေ
Found!ညွှိနှိုင်းဆွေးနွေး	ညှိုနှိုင်းဆွေးနွေး
Found!ညှိးငယ်စွာဖြင့်	ညှိုးငယ်စွာဖြင့်
Found!ညွန်ကြားရေးမှူး	ညွှန်ကြားရေးမှူး
Found!တစ်ချို့ကြ	တချို့ကျ
Found!တချို ့ 	တချို့
Found!တရိူက်မတ်မတ်	တစိုက်မတ်မတ်
Found!တနိုင်ငတပိုင်	တနိုင်တပိုင်
Found!တဖက်နိုင်ငံဖက်	တဖက်နိုင်ငံဘက်
Found!တရားပွဲပြိးတော့	တရားပွဲပြီးတော့
Found!တရားမဝင်သတ်ဖြတ်ခြငး် 	တရားမဝင်သတ်ဖြတ်ခြင်း
Found!တရားအားထုတိခြင်းဟာ	တရားအားထုတ်ခြင်းဟာ
Found!တလက်ဆတည်းမှာပဲ	တလက်စတည်းမှာပဲ
Found!တာဝန်ရှိ်သူတွေ	တာဝန်ရှိသူတွေ
Found!တာဆီးကာကွယ်	တားဆီးကာကွယ်
Found!ရတော့ပါသေးတယ်	တော့ရပါသေးတယ်
Found!တော်တော်လေးတော	တော်တော်လေးတော့
Found!တော်ဘာဒေါ့အေ	တော်ပါတော့အေ
Found!တော်ဝင်အမိန်	တော်ဝင်အမိန့်
Found!တိုးမြင့်လာပါတယ်	တိုးမြှင့်လာပါတယ်
Found!တက္ကသိ်ုလ်ဝင်	တက္ကသိုလ်ဝင်
Found!တ်တတ်ကြွကြွ	တက်တက်ကြွကြွ
Found!တက်သွားခဲ့ပါပြီး	တက်သွားခဲ့ပြီး
Found!တိ်ုက်ခိ်ုက်	တိုက်ခိုက်
Found!တိ်ုက်ခိုက်	တိုက်ခိုက်
Found!တိ်ုက်ခိုက်မှု	တိုက်ခိုက်မှု
Found!တိုက်ခိ်ုက်မှု	တိုက်ခိုက်မှု
Found!တိုက်ခိိုက်မှုအတွင်း	တိုက်ခိုက်မှုအတွင်း
Found!တိ်ုက်တွန်း	တိုက်တွန်း
Found!တိုက်တွန်းနေပါတယ။်	တိုက်တွန်းနေပါတယ်
Found!တင်အောင်မြင့့်ဦး	တင်အောင်မြင့်ဦး
Found!တောင်ကိုရီးား	တောင်ကိုရီးယား
Found!တောင်ကိုးရီးယား	တောင်ကိုရီးယား
Found!တောက်မှန်းမြောက်မှန်ူမသိပံ	တောင်မှန်းမြောက်မှန်းမသိပဲ
Found!တောင်ပန်လို့	တောင်းပန်လို့
Found!တောင်ပန်အပ်ပါတယ်	တောင်းပန်အပ်ပါတယ်
Found!တို်ုင်တောင်	တိုင်တောင်
Found!တိ်ုင်ပင်ကြပါတယ်	တိုင်ပင်ကြပါတယ်
Found!တိုင်ပြည်ချစ်စိတ်	တိုင်းပြည်ချစ်စိတ်
Found!တိုုင်းပြည်	တိုင်းပြည်
Found!တိုင်းပြာ်	တိုင်းပြည်
Found!တစ်ချိ်န်မှာ	တစ်ချိန်မှာ
Found!တဒါဇင်ကျော်	တစ်ဒါဇင်ကျော်
Found!တနိုင်ငံလုံးကို	တစ်နိုင်ငံလုံးကို
Found!တစ်နိူင်ငံလုံး	တစ်နိုင်ငံလုံး
Found!တပွဲလုံး 	တစ်ပွဲလုံး 
Found!တဖွဲ့ချင်း	တစ်ဖွဲ့ချင်း
Found!တမျက်နှာတည်း	တစ်မျက်နှာတည်း
Found!တယောက်ချင်းစီ 	တစ်ယောက်ချင်းစီ 
Found!တယောက်ချင်း	တစ်ယောက်ချင်း
Found!တယောက်တည်းသော	တစ်ယောက်တည်းသော
Found!တယောက်နှုန်း	တစ်ယောက်နှုန်း
Found!တစ်လင်တမယား	တစ်လင်တစ်မယား
Found!တသီးပုဂ္ဂလ	တစ်သီးပုဂ္ဂလ
Found!တစ်ဉီးချင်းစီ	တစ်ဦးချင်းစီ
Found!တဦးတည်းသော 	တစ်ဦးတည်းသော 
Found!တည်းဆောက်ထားပါတယ်	တည်ဆောက်ထားပါတယ်
Found!တန်ဖိုးမဖြတ်နိူင်	တန်ဖိုးမဖြတ်နိုင်
Found!တပ်မတော်ဖက်က	တပ်မတော်ဘက်က
Found!တိမ်းရှောင်သွား	တိမ်းရှောင်သွားတာ
Found!အတွေကြားထဲ	တွေကြားထဲ
Found!တွေ ့ ကရာ	တွေ့ကရာ
Found!တွေ ့ခဲ့တဲ့ 	တွေ့ခဲ့တဲ့ 
Found!တွေ့ချင်းလို့	တွေ့ချင်လို့
Found!တွေ ့ဆုံ 	တွေ့ဆုံ 
Found!တွေနေရတော့	တွေ့နေရတော့
Found!တြွေ့ပီး 	တွေ့ပြီး 
Found!တွေး့လိုက်ရင်	တွေးလိုက်ရင်
Found!တွေးလိမ် ့မယ် 	တွေးလိမ့်မယ် 
Found!တွက်ကြ်ည့် တော့ 	တွက်ကြည့် တော့ 
Found!တွန်းားပေးနိုင်	တွန်းအားပေးနိုင်
Found!ထိခိ်ုင်နဟ်နာနိုင်ခြင်း	ထိခိုက်နစ်နာနိုင်ခြင်း
Found!ထူးထောင်ရေး	ထူထောင်ရေး
Found!ထိုးဖောက် ခြငး် 	ထိုးဖောက် ခြင်း
Found!ထောက်ခံထာပါတယ်	ထောက်ခံထားပါတယ်
Found!ထာင်ကျော်ရှိ	ထောင်ကျော်ရှိ
Found!ထည် ့ထားသည် 	ထည့်ထားသည် 
Found!ထုတ်လုပ်နိူင်ပါသေးတယ်	ထုတ်လုပ်နိုင်ပါသေးတယ်
Found!ထုတ် လုပ် ရောင် းခြင် း	ထုတ် လုပ် ရောင်းခြင်း
Found!ထိန်းချုပ်နိ်ုင်တာ	ထိန်းချုပ်နိုင်တာ
Found!ထိန်းချုပ်နိ်ုင်တာမျိုး	ထိန်းချုပ်နိုင်တာမျိုး
Found!ထိန်းချုပ်နိ်ုင်	ထိန်းချုပ်နိုင်
Found!ထိန်းဆင်းပါတယိ	ထိန်းဆင်းပါတယ်
Found!ထိမ်းမ နိမ်တဲ့	ထိန်းမ နိုင်တဲ့
Found!ထိ်မ်းသိမ်း	ထိန်းသိမ်း
Found!ထိန်းသိ်မ်းရေး	ထိန်းသိမ်းရေး
Found!ထိမ်းသိမ်းရေးု	ထိန်းသိမ်းရေး
Found!ထပ်တက်နေအုံးမှာ	ထပ်တက်နေဦးမှာ
Found!ထပ်မံင်ပေါ်ချင်သေးသည် 	ထပ်မံပေါ်ချင်သေးသည် 
Found!ထကွ်ပေါက်ရမယ်	ထွက်ပေါက်ရမယ်
Found!ထွွက်လာခဲ့ပါတယ်	ထွက်လာခဲ့ပါတယ်
Found!ထွတိးကားတဲ့	ထွန်းကားတဲ့
Found!ဒီဇိုင်းမျ ို း 	ဒီဇိုင်းမျိုး 
Found!ဒီမိုကရေစိီ	ဒီမိုကရေစီ
Found!ဒီမိုခရေဇီး	ဒီမိုကရေစီ
Found!ဒီလောက်ထိကျ	ဒီလောက်ထိကြ
Found!ဒေါသလည်းမထွက်ချင်ပု	ဒေါသလည်းမထွက်ချင်ဘူး
Found!ဒေါသသံပါမှာဆိုး	ဒေါသသံပါမှစိုး
Found! ေါ်လာ	ဒေါ်လာ
Found!ဒေါ်အောင်ဆနး်စုကြည်	ဒေါ်အောင်ဆန်းစုကြည်
Found!ဒေါ်အောင်ဆန်စုကြည်	ဒေါ်အောင်ဆန်းစုကြည်
Found!ဒုက္မြသည်တွေ	ဒုက္ခသည်တွေ
Found!ဓာတ်ပုံရိုက်မဲ့	ဓာတ်ပုံရိုက်မယ့်
Found!နာဂတ်မုန်တိုင်း	နာဂစ်မုန်တိုင်း
Found!နံမယ်ကျော်	နာမည်ကျော်
Found!နံမည်ပျက်ဖို့	နာမည်ပျက်ဖို့
Found!ဝ၀း၃၀ နာရီ	၀၀:၃၀ နာရီ
Found!နာညးထောင်နေစဉ်	နားထောင်နေစဉ်
Found!နားလည်းကြရဲ့လား	နားလည်ကြရဲ့လား
Found!နားလည်ခဲ့၇တယ်	နားလည်ခဲ့ရတယ်
Found!နိဂုန်းချုပ်ရရင်	နိဂုံးချုပ်ရရင်
Found!နီးပါးကြား	နီးပါးကြာ
Found!နေကောင်အောင်လုပ်ပီး	နေကောင်းအောင်လုပ်ပြီး
Found!နေထိ်ုင်နေတဲ့	နေထိုင်နေတဲ့
Found!နေမကောငး်	နေမကောင်း
Found!နေရာမှ ာ	နေရာမှာ
Found!နေရာရွှေ ့ပြောင်းမှုတွေ	နေရာရွှေ့ပြောင်းမှုတွေ
Found!နေ ့တိုင်း 	နေ့တိုင်း 
Found!နဲ ့ အတူ 	နဲ့အတူ 
Found!နက်နက်တငွ်းကြီး	နက်နက်တွင်းကြီး
Found!နက်ရှိူင်းတယ်	နက်ရှိင်းတယ်
Found!နောက်ဆုံ့းတော့ 	နောက်ဆုံးတော့ 
Found!နောက်နေတာဘဲ့	နောက်နေတာပဲ
Found!နောက်ပိ်ုင်း	နောက်ပိုင်း
Found!နင့်ကြည့်လျင်	နင့်ကြည့်လျှင်
Found!နိူင်င ံခြား	နိုင်ငံခြား
Found!နိ်ုင်ငံခြားရေး	နိုင်ငံခြားရေး
Found!နိူင်ငံတကာပွဲ	နိုင်ငံတကာပွဲ
Found!နိူင်ငံတဝှမ်း 	နိုင်ငံတဝှမ်း 
Found!နှိုင်ငံတော်	နိုင်ငံတော်
Found!နိ်ုင်ငံတိုင်း	နိုင်ငံတိုင်း
Found!နည်းဘဲသုံးနေကြဆဲပါ	နည်းပဲသုံးနေကြဆဲပါ
Found!နုန်းမြေနု	နုံးမြေနု
Found!နျကလီးယား	နျူကလီယား
Found!နှမျှော်တာပါဟာ	နှမျောတာပါဟာ
Found!နှာခေါင်းရူံ့	နှာခေါင်းရှုံ့
Found!နှာဘူးထတက်တဲ့	နှာဘူးထတတ်တဲ့
Found!နှင် ့ူ	နှင့်
Found!နှိုုင်းယှဉ်	နှိုင်းယှဉ်
Found!နှိုင်းယှာဉ်	နှိုင်းယှဉ်
Found!နှိုင်းယှဉ်ရင်ု	နှိုင်းယှဉ်ရင်
Found!နှိူင်းယှဉ်သုံးသပ်ပါ	နှိုင်းယှဉ်သုံးသပ်ပါ
Found!နှတ်ထွက်တယ်လို့ 	နှုတ်ထွက်တယ်လို့ 
Found!နှိမ်းနှင်းတာတော့	နှိမ်နင်းတာတော့
Found!နှိ်မ်နှင်းရေး	နှိမ်နှင်းရေး
Found!ပညာရေးစနစေ်	ပညာရေးစနစ်
Found!ပဒေသရာဇာ်	ပဒေသရာဇာ
Found!ပါတီရဲ ့	ပါတီရဲ့
Found!ပေးထားကောငး် 	ပေးထားကောင်း
Found!ပေးနိူင်မယ်ဆိုရင်	ပေးနိုင်မယ်ဆိုရင်
Found!ပေယုံပဲလေ	ပေးရုံပဲလေ
Found!ပေးလိ်ုက်ချင်	ပေးလိုက်ချင်
Found!ပေးသွားနိ်ုင်	ပေးသွားနိုင်
Found!ပိုတိုးမြင့်ပြီး	ပိုတိုးမြှင့်ပြီး
Found!ပိုဆောင်သူ	ပို့ဆောင်သူ
Found!ပေါက်ခဲ့ပါရဲ ့လား	ပေါက်ခဲ့ပါရဲ့လား
Found!ပုဂ်္ဂိုလ်များ	ပုဂ္ဂိုလ်များ
Found!ပင်လယ်ကူး ် 	ပင်လယ်ကူး 
Found!ပင်လာ်ကမ်းခြေ	ပင်လယ်ကမ်းခြေ
Found!ပင်လယ်လှိ်ုင်း	ပင်လယ်လှိ်ုင်း
Found!ပေါက်းစုံရှိတတ်တယ်	ပေါင်းစုံရှိတတ်တယ်
Found!ပြစ်တာဘဲဟား	ပစ်တာဘဲဟာ
Found!ပြစ်တဲ့ အမြောက်ရဲ ့	ပစ်တဲ့ အမြောက်ရဲ့
Found!ပတ်ဝယ်လိူက်ရသေးတယ်	ပတ်ဝယ်လိုက်ရသေးတယ်
Found!ပိတ်ပင်ထားစဲရှိလား	ပိတ်ပင်ထားဆဲရှိလား
Found!ပိတ်ပင်လိ်ုက်တာဟာ	ပိတ်ပင်လိုက်တာဟာ
Found!ပိတ် ပင် လိမ် ့မယ်	ပိတ် ပင် လိမ့်မယ်
Found!ပုတ်ခတ်နိူင်ကြပါစေ 	ပုတ်ခတ်နိုင်ကြပါစေ 
Found!ပန်းကြားထား	ပန်ကြားထား
Found!ပျက်ဆီးလာပြီး	ပျက်စီးလာပြီး
Found!ပျောက်လိမ့့်မယ်	ပျောက်လိမ့်မယ်
Found!ပြခွ ွင့်ရကြတယ်	ပြခွင့်ရကြတယ်
Found!ပြီးပြည့်စုအောင် 	ပြီးပြည့်စုံအောင် 
Found!ပြုပြင် နိုင် စွမ် းရှိခြင် း	ပြုပြင် နိုင် စွမ်းရှိခြင်း
Found!ပြုလုပ် နေသည် ့ 	ပြုလုပ် နေသည့်
Found!ပြောဆိုခြ့သလို	ပြောဆိုခဲ့သလို
Found!ပြောဆိုလိ်ုက်တာပါ။	ပြောဆိုလိုက်တာပါ။
Found!ပြာပြနေတဲ့	ပြောပြနေတဲ့
Found!ပြောပြသင် ့သည် ့	ပြောပြသင့်သည့်
Found!ပြောလက်မှဖြင့်	ပြောလိုက်မှဖြင့်
Found!ပြောလိုက်သေတယ် 	ပြောလိုက်သေးတယ် 
Found!ပြင်ပီးသလောက်	ပြင်ပြီးသလောက်
Found!ပြောင်းရွှေ ့	ပြောင်းရွှေ့
Found!ပြောင် းလိုက် သည် 	ပြောင်းလိုက် သည် 
Found!ပြစ်တင် ရှု ံ့ချ	ပြစ်တင် ရှုံ့ချ
Found!ပြည်သူ ့ဆေးရုံကြီး	ပြည်သူ့ဆေးရုံကြီး
Found!ပြည့်မြောက်ပီ	ပြည့်မြောက်ပြီ
Found!ပျက်လက်နေတာ	ပြတ်လပ်နေတာ
Found!ပြန်တိုက်ယုမှ	ပြန်တိုက်ယူမှ
Found!ပြနါပြန်ဖတ်ပေး	ပြန်ပြန်ဖတ်ပေး
Found!ပြန်မပြောရဲ့	ပြန်မပြောရဲ
Found!ပြန် ရလာသည် ့ 	ပြန် ရလာသည့်
Found!ပြန်ရေွးနိုင်ဖို့	ပြန်ရွေးနိုင်ဖို့
Found!ပြည်လည်လက်ခံရေး	ပြန်လည်လက်ခံရေး
Found!ပြသနာတက်မှာဆိုးပြီး 	ပြဿနာတက်မှာစိုးပြီး 
Found!ပွားများပိူ့	ပွားများဖို့
Found!ပွဲတော်တည်နိူင်ပါတော့မယ်	ပွဲတော်တည်နိုင်ပါတော့မယ်
Found!ပျှော်ရွှင်မှု	ပျှော်ရွှင်မှု
Found!ဖျန့်ဖြစ်ချင်လို့	ဖရန့်ဖြစ်ချင်လို့
Found!ဖားအောက်ေတာရ	ဖားအောက်တောရ
Found!ဖိနှိ်ပ်ခံရမှု	ဖိနှိပ်ခံရမှု
Found!ဖေဖေါ်ဝါရီလ	ဖေဖော်ဝါရီလ
Found!ဖေ့သားဂျိိီး	ဖေ့သားကြီး
Found!ဖေါ်စေချင်တယ်	ဖော်စေချင်တယ်
Found!ဖော်ဆော်နိူင်ချက်	ဖော်ဆောင်နိုင်ချက်
Found!ဖေါ်ထုတ်နိုင်	ဖော်ထုတ်နိုင်
Found!ဖေါ်ပြခဲ့ကြပြီး	ဖော်ပြခဲ့ကြပြီး
Found!ဖေါ်ပြခဲ့ပါတယ်	ဖော်ပြခဲ့ပါတယ်
Found!aဖာ်ပြထား	ဖော်ပြထား
Found!ဖေါ်ပြထားတဲ့	ဖော်ပြထားတဲ့
Found!ဖတ်လေးတွေနဲ့	ဖက်လေးတွေနဲ့
Found!ဖေါက်ခွဲရေး	ဖောက်ခွဲရေး
Found!ဖတ်ကြပြပါတယ်	ဖတ်ပြကြပါတယ်
Found!ဖိိတ်ကျွေးခြင်း	ဖိတ်ကျွေးခြင်း
Found!ဖမ်းခံ၇တာလို့ 	ဖမ်းခံရတာလို့ 
Found!ဖမ်းမမိ်သေးတဲ့	ဖမ်းမမိသေးတဲ့
Found!ဖျတ်ဆီးလိုက်တဲ့	ဖျက်ဆီးလိုက်တဲ့
Found!ဖြစ်ကုန်တာပေါ်	ဖြစ်ကုန်တာပေါ့
Found!ဖြစ်ခဲ့ရသည”်	ဖြစ်ခဲ့ရသည်
Found!ဖြစ်နေ တာကြောင်	ဖြစ်နေ တာကြောင့်
Found!ဖစ်နေမှာဆိုးလို့	ဖြစ်နေမှာစိုးလို့
Found!ဖစ်နိုင်ရင် 	ဖြစ်နိုင်ရင် 
Found!ဖြစ်ပွါးခဲ့တာဟာ	ဖြစ်ပွားခဲ့တာဟာ
Found!ဖြစ်ဖို ့ 	ဖြစ်ဖို့
Found!ဖြစ်လာနိ်ုင်	ဖြစ်လာနိုင်
Found!ဖြစ် လိမ် ့မယ်	ဖြစ် လိမ့်မယ်
Found!ဖြတ် စီးပြစ် လိမ် ့မယ်	ဖြတ် စီးပြစ် လိမ့်မယ်
Found!ဖွဲ့စညး်ရာတွင်	ဖွဲ့စည်းရာတွင်
Found!ဖွငိ့ချပြတာပါ	ဖွင့်ချပြတာပါ
Found!ဗစ်နစ်ဖွဲဖား	ဗစ်နစ်ဇွဲလား
Found!ဗိ်ုလ်ချုပ်ကြီး	ဗိုလ်ချုပ်ကြီး
Found!ဗိ်ုလ်ချုပ်မှုးကြီး	ဗိုလ်ချုပ်မှုးကြီး
Found!ဗိ်ုလ်မှူးကြီး	ဗိုလ်မှူးကြီး
Found!ဗြိတိ်န်နိ်ုင်ငံ	ဗြိတိန်နိုင်ငံ
Found!ဘကြိးရဲ့ဇာတ်လမး်ကလည်း 	ဘကြီးရဲ့ဇာတ်လမ်းကလည်း 
Found!ဘရားဇီးမြီု့	ဘရားဇီးမြို့
Found!ဘာလုပ် သင် ့တယ်	ဘာလုပ် သင့်တယ်
Found!ဘော့လုံးသမားဟောင်း	ဘောလုံးသမားဟောင်း
Found!ဘင်္ဂလားဒေရှ့်	ဘင်္ဂလားဒေ့ရှ်
Found!ဘင်္ဂ်လားဒေ့ရှ်	ဘင်္ဂလားဒေ့ရှ်
Found!ဘုန်းကြီ်းကျောင်း	ဘုန်းကြီးကျောင်း
Found!ဘယ်ပြောက်နေမှန်းကိုမသိဘူး	ဘယ်ပျောက်နေမှန်းကိုမသိဘူး
Found!ပယ်လို ပယ်လို	ဘယ်လို ဘယ်လို
Found!ဘိုလိုလုပ်ရပါ့	ဘယ်လိုလုပ်ရပါ့
Found!ဘယ်ဟာဝယ်ရမလံ	ဘယ်ဟာဝယ်ရမလဲ
Found!ဘယ်အချိန်ဖင့်ပြီး	ဘယ်အချိန်ဖွင့်ပြီး
Found!မကောင်းဖုးလို့	မကောင်းဘူးလို့
Found!မကြေနပ်မှု	မကျေနပ်မှု
Found!မကြည် ့သင် ့ပါ	မကြည့်သင့်ပါ
Found!မခေါ်ကြနက်နော်	မခေါ်ကြနဲ့နော်
Found!မချစ်ပါဘူကွာ	မချစ်ပါဘူးကွာ
Found!မငှဲ ့ဘဲ	မငှဲ့ဘဲ
Found!မစူးစိ်ုက်နိုင်တာမျိုး	မစူးစိုက်နိုင်တာမျိုး
Found!မဆောက်ပေးနိုုင်ဘူးတဲ့	မဆောက်ပေးနိုင်ဘူးတဲ့
Found!မတူဘူးပေါ့့လေ	မတူဘူးပေါ့လေ
Found!မတတ််နိင်ဘူး	မတတ်နိင်ဘူး
Found!မတွေ့ဖူးသေးပါ	မတွေ့ဘူးသေးပါ
Found!မထား ဖိုဆိုတာ	မထား ဖို့ဆိုတာ
Found!မထွက်ရတေးဘူး	မထွက်ရသေးဘူး
Found!မနည်သတိထားနေတယ်	မနည်းသတိထားနေတယ်
Found!မနှိူင်းယှဉ်ပါနဲ့	မနှိုင်းယှဉ်ပါနဲ့
Found!မပျံနိ်ုင်	မပျံနိုင်
Found!မပြိုင်သင့်ဖူး	မပြိုင်သင့်ဘူး
Found!မဖြစ်နို်ုင်ပါဘူးခင်ဗျာ	မဖြစ်နိုင်ပါဘူးခင်ဗျာ
Found!မမေးခြင်တော့ပါဘူး	မမေးချင်တော့ပါဘူး
Found!မမြင်ရတေးဘူးလေ	မမြင်ရသေးဘူးလေ
Found!မရင့်ကြက်ကြသေးတာ	မရင့်ကျက်ကြသေးတာ
Found!မ၇ပ်တည်ပါနဲ့	မရပ်တည်ပါနဲ့
Found!မရပ်မနားဖြစ်နေေပသည့်	မရပ်မနားဖြစ်နေသည့်
Found!မရှ်ိပါဘူး	မရှိပါဘူး
Found!မရှိသေးပေမဲ့	မရှိသေးပေမယ့်
Found!မရှင်းပြသင့်ဖူး	မရှင်းပြသင့်ဘူး
Found!မရွေပြောင်းနိုင်ခင်	မရွှေ့ပြောင်းနိုင်ခင်
Found!မလွတ်းတေးပါဘူး	မလွတ်သေးပါဘူး
Found!မလျော်သင့်ပေမယ့်	မလျှော်သင့်ပေမယ့်
Found!မသိသေးဘဲကိုယ်	မသိသေးဘဲကို
Found!မသိသေးဘဲကိုယ်	မသိသေးဘဲကို
Found!မသေချာပေမဲ့	မသေချာပေမယ့်
Found!မသတ်မှတ်ရဘူးလေး	မသတ်မှတ်ရဘူးလေ
Found!မသွား နိ်ုင်ဘူး	မသွား နိုင်ဘူး
Found!မသွာအောင် 	မသွားအောင် 
Found!မသွင်းခဲ့၇ဘူးပေါ့	မသွင်းခဲ့ရဘူးပေါ့
Found!မဟောင်နိူင်တဲ့	မဟောင်နိုင်တဲ့
Found!မိသားစုဂသူငယ်ချင်းတွေနဲ့	မိသားစုသူငယ်ချင်းတွေနဲ့
Found!မီးမှောင်းထိုးထားပါတယ်	မီးမောင်းထိုးထားပါတယ်
Found!မိရထားလမ်းဆောက်လုပ်ရေး	မီးရထားလမ်းဆောက်လုပ်ရေး
Found!မီးရှိုးမှု	မီးရှို့မှု
Found!မေလဆန်းပိ်ုင်း	မေလဆန်းပိုင်း
Found!မေ့သွားလိမ့်မေတဲ့ 	မေ့သွားလိမ့်မယ်တဲ့ 
Found!မောဟလည်းမကြီးချင်ပု	မောဟလည်းမကြီးချင်ဘူး
Found!မိ်ုးကျပြီးမှ	မိုးကျပြီးမှ
Found!မိုးလေဝသစောငြ့်ကည့်ရေး	မိုးလေဝသစောင့်ကြည့်ရေး
Found!မင် း ခေါင် းပါ	မင်း ခေါင်းပါ
Found!မင်းအောင်လှိ်ုင်	မင်းအောင်လှိုင်
Found!မောင်တောမြိ့ 	မောင်တောမြို့
Found!မိုင်ပေါက်ကွဲမှု	မိုင်းပေါက်ကွဲမှု
Found!မိန်ြ့ကားခဲ့ပါတယ်	မိန့်ကြားခဲ့ပါတယ်
Found!မိန့် ့ခွန်း	မိန့်ခွန်း
Found!မိန်းမဖြစ်၇တာဟာ	မိန်းမဖြစ်ရတာဟာ
Found!မိနး်မအဖြစ် 	မိန်းမအဖြစ် 
Found!န်းပွါးစေတဲ့	မုန်းပွားစေတဲ့
Found!များလာခြင် း	များလာခြင်း
Found!မျက်မှောက်ပြုလွယ်နိူင်	မျက်မှောက်ပြုလွယ်နိုင်
Found!မျောက်ပြဆန်တောင်	မျောက်ပြဆန်တောင်း
Found!မြေတောင်မြောက်ပေး	မြေတောင်မြှောက်ပေး
Found!မြေက်ကိုးရီးယား	မြောက်ကိုရီးယား
Found!မြောက်ပိ်ုငး	မြောက်ပိုင်း
Found!မြင်တက်လာကြရင်	မြင်တတ်လာကြရင်
Found!မြင်တွေ့နေကျ	မြင်တွေ့နေကြ
Found!မြင်ဖူးသွားပီ	မြင်ဖူးသွားပြီ
Found!မြှင့်တက်နေပြီး	မြင့်တက်နေပြီး
Found!မြတ်နိုူးနိူင်မယ့်	မြတ်နိုးနိုင်မယ့်
Found!မြန်မာနိ်ုင်ငံ	မြန်မာနိုင်ငံ
Found!မြန်မာနိ်ုင်ငံသား	မြန်မာနိုင်ငံသား
Found!မ ျှဝေခဲ့ပါတယ်	မျှဝေခဲ့ပါတယ်
Found!မျှဝေရင် း 	မျှဝေရင်း 
Found!မြင့်တင်ပေးဖို့	မြှင့်တင်ပေးဖို့
Found!မွှေ ့ရာလေး	မွှေ့ရာလေး
Found!ယူထားခဲ့ကြေ င်း 	ယူထားခဲ့ကြောင်း
Found!ယောကျာ်းတွေ	ယောက်ျားတွေ
Found!ယောကျာ်းများ 	ယောက်ျားများ 
Found!ယောကျာ်းလေးများ	ယောက်ျားလေးများ
Found!ယောက်ျားတွေပါဟယ်လ်	ယောက်ျားတွေပါဟယ်
Found!ယဉ်ကျေးမှုငး	ယဉ်ကျေးမှု
Found!ယုံကြည်မူ	ယုံကြည်မှု
Found!ယူံစားလာခဲ့တယ်	ယုံစားလာခဲ့တယ်
Found!ယှာဉ်ကြည့်မှာ	ယှဉ်ကြည့်မှာ
Found!ယှာဉ်ကြည့်ရင်	ယှဉ်ကြည့်ရင်
Found!ယှဉ်ပြီး် 	ယှဉ်ပြီး
Found!ရခိုင့်ညွ ွန့်ဖူး	ရခိုင့်ညွန့်ဖူး
Found!ရတနာပုုံ	ရတနာပုံ
Found!ရရှိလာသည် ့ 	ရရှိလာသည့်
Found!ရာခိုင်နှုုန်းက	ရာခိုင်နှုန်းက
Found!ရီခြင်စရာတော့	ရီချင်စရာတော့
Found!ရေထိသ ွားတယ်	ရေထိသွားတယ်
Found!ရေနစ်မြှုပ်	ရေနစ်မြုပ်
Found! ေ၇ပုန်း	ရေပုန်း
Found!ရေရှားပါးတြ့	ရေရှားပါးတဲ့
Found!ရေအားလျပ်စစ်မ	ရေအားလျှပ်စစ်
Found!ရေးနိုင်ဖို	ရေးနိုင်ဖို့
Found!ရဲ ဖော်တွေ	ရဲဘော်တွေ
Found!ရဲမေ်တော်ယာဉ်	ရဲမော်တော်ယာဉ်
Found!ရော်ဘာကျည်ဆန်နဲ့ပြစ်	ရော်ဘာကျည်ဆန်နဲ့ပစ်
Found!ရက်ရောကျတာမျိုး	ရက်ရောကြတာမျိုး
Found!ရောက်တုုံး	ရောက်တုန်း
Found!ရောက်ဖိ်ု့	ရောက်ဖို့
Found!ရောက်၇ှိနေပြီ	ရောက်ရှိနေပြီ
Found!ရောက်အောင်သွားဖို	ရောက်အောင်သွားဖို့
Found!ရင် းနှီးပြီး	ရင်းနှီးပြီး
Found!ရင်းနှီးမြှုပ်နှံမှီု	ရင်းနှီးမြှုပ်နှံမှု
Found!ရောင်းချႏ နိုင်ဖွယ်ရှိတယ်	ရောင်းချႏ နိုင်ဖွယ်ရှိတယ်
Found!ရောင် းပေးခြင် း	ရောင်းပေးခြင်း
Found!ရိုင်းစိုက်ကြမ်းကြုပ်	ရိုင်းစိုင်းကြမ်းကြုတ်
Found!ရည် မှန် းချက် 	ရည် မှန်းချက် 
Found!ရည် မှန် းထားပါ	ရည် မှန်းထားပါ
Found!ရန်ကုန်မာတုန်းက	ရန်ကုန်မှာတုန်းက
Found!ရယ်မောပျော်ရွှင်နိူင်ကြပါစေ	ရယ်မောပျော်ရွှင်နိုင်ကြပါစေ
Found!ရွေးချယ်နိုင်ဖိုပ	ရွေးချယ်နိုင်ဖို့
Found!ရွေးချယ်လိ်ု့မရဘူး	ရွေးချယ်လို့မရဘူး
Found!ရှာနိုင် သည် ့	ရှာနိုင် သည့်
Found!ရှိနေေသာ်လည်း	ရှိနေသော်လည်း
Found!ရှိသည် ့အတွက်	ရှိသည့်အတွက်
Found!ရှ ုဒေါင့်စုံက	ရှုဒေါင့်စုံက
Found!ရှုမင်ကြပါတယ်ရှင်	ရှုမြင်ကြပါတယ်ရှင်
Found!ရူနေရပါတယ့်	ရှူနေရပါတယ်
Found!ရှေ ့နေ	ရှေ့နေ
Found!ရှင်း ပြစ်ပြီး	ရှင်း ပစ်ပြီး
Found!ရှင် းလင် းပြောပြသည်	ရှင်းလင်းပြောပြသည်
Found!ရှင် းလင် း	ရှင်းလင်း
Found!ရှုတ်ချကြောင်း၊	ရှုံ့ချကြောင်း၊
Found!ရှူံးခဲ့တဲ့	ရှုံးခဲ့တဲ့
Found!ရွှေ ့ပြောင်း	ရွှေ့ပြောင်း
Found!လဆန်းပိ်ုင်း	လဆန်းပိုင်း
Found!လာရောက်ကျပါရန်	လာရောက်ကြပါရန်
Found!လူယေ်လူရွယ်	လူငယ်လူရွယ်
Found!လူတတ်ကြီးလုပ်ချငိကြတာကိုး	လူတတ်ကြီးလုပ်ချင်ကြတာကိုး
Found!လူတွေကိ်ု	လူတွေကို
Found!လူပျိုကြိီး	လူပျိုကြီး
Found!လူမျိုးတုန်း	လူမျိုးတုံး
Found!လေကြောင်းလိ်ုင်း	လေကြောင်းလိုင်း
Found!လေလံပြစ်ပွဲကြီး	လေလံပစ်ပွဲကြီး
Found!လေ့ လာမှု့ 	လေ့ လာမှု
Found!ငလေးစားမိပါတယ်	လေးစားမိပါတယ်
Found!လက္ခံမယ်လို့	လက်ခံမယ်လို့
Found!လက်မခံနိူင်ခြင်း	လက်မခံနိုင်ခြင်း
Found!လက်သည်းဆိုးဆေးနံ ့	လက်သည်းဆိုးဆေးနံ့
Found!လိ်ုက်တက်ခွင့်ရမှာပါ	လိုက်တက်ခွင့်ရမှာပါ
Found!လိုက်နိ်ုင်ကြပါတယ်	လိုက်နိုင်ကြပါတယ်
Found!လိုက်ဖက်နေတုန်း	လိုက်ဖတ်နေတုန်း
Found!လိ်ုက်လျောချက်	လိုက်လျောချက်
Found!လိငင်းပိုင်းဆိုင်ရာ	လိင်ပိုင်းဆိုင်ရာ
Found!လိ်ုင်ပေါ်မှာ	လိုင်းပေါ်မှာ
Found!လည်းေ၇ကြီးမူ	လည်းရေကြီးမူ
Found!လုပ်ဆောင်တာကိုး 	လုပ်ဆောင်တာကို
Found!လုပ်နိ်ုင်ကြတယ်	လုပ်နိုင်ကြတယ်
Found!လုပ်နိ်ုင်ဖို့ပဲ	လုပ်နိုင်ဖို့ပဲ
Found!လုပ် နိုင် မည် ့ 	လုပ် နိုင် မည့်
Found!လုပ်ရပါလိ်မ့်မယ်	လုပ်ရပါလိမ့်မယ်
Found!လမ်းပျော်နေမှာ	လမ်းပျောက်နေမှာ
Found!လမ်းဖေါက်လုပ်ရေး	လမ်းဖောက်လုပ်ရေး
Found!လိ်မ့်မယ်၊	လိမ့်မယ်၊
Found!လေုံခြုံရေး	လုံခြုံရေး
Found!လယ်မြေသိမ်းးခံရတာနဲ့	လယ်မြေသိမ်းခံရတာနဲ့
Found!လွြတ်ငိမ်းခွင့်	လွတ်ငြိမ်းခွင့်
Found!လွှတ်မြောက်ကျမှာပါ	လွတ်မြောက်ကြမှာပါ
Found!လတွ်မြောက်ဖို့	လွတ်မြောက်ဖို့
Found!လတွ်မြောက်မယ်	လွတ်မြောက်မယ်
Found!လှူဒါန်လိုသူများ	လှူဒါန်းလိုသူများ
Found!လှိုင်မြို ့နယ်	လှိုင်မြို့နယ်
Found!လှန်းအကြောင်းကြားမှပဲ	လှမ်းအကြောင်းကြားမှပဲ
Found!လျော့ချဖို့	လျှော့ချဖို့
Found!လျှောက်တွက်လို့	လျှော့တွက်လို့
Found!လျောက်ကြည့်တော့	လျှောက်ကြည့်တော့
Found!လျောက်လှမ်းနိူင်ပါစေ	လျှောက်လှမ်းနိုင်ပါစေ
Found!လျပ်စစ်ဓါတ်အား	လျှပ်စစ်ဓါတ်အား
Found!လွတ်ပေးခဲ့တာ	လွှတ်ပေးခဲ့တာ
Found!၂ဝ၁၂ဝ	၂ဝ၂ဝ
Found!၀ါတော် 	ဝါတော် 
Found!ဝါသန်ပါခဲ့တော့	ဝါသနာပါခဲ့တော့
Found!၀ူးရှူး	ဝူရှူး
Found!ဝင် ငွေနည် းနေပေမဲ့	ဝင် ငွေနည်းနေပေမဲ့
Found!ဝိုင်ကူညီကြဖို့ 	ဝိုင်းကူညီကြဖို့ 
Found!ဝပ်ရှော့လး	ဝပ်ရှော့လေး
Found!ဝမ်းနည်းလားပီ	ဝမ်းနည်းလားပြီ
Found!သတင်းထောက်တိ်ုင်း	သတင်းထောက်တိုင်း
Found!သပိတ်မှောက်ဆို့ 	သပိတ်မှောက်စို့
Found!သဘောတရားိကု	သဘောတရားကို
Found!သိမြင်နိူင်စွမ်း	သိမြင်နိုင်စွမ်း
Found!သိသိသာသာကြိး	သိသိသာသာကြီး
Found!သီချင် းခွေ 	သီချင်းခွေ 
Found!သူတိို့ကို	သူတို့ကို
Found!သူ တို့ ိကို	သူ တို့ကို
Found!သေခြာသလောက်	သေချာသလောက်
Found!သေဆုုံး ကုန်ရတယ်	သေဆုံး ကုန်ရတယ်
Found!သေသေခြာခြာ	သေသေချာချာ
Found!သံတုတ်ကိ်ု	သံတုတ်ကို
Found!သို ့မဟုတ် 	သို့မဟုတ် 
Found!သို့သော်လညး်	သို့သော်လည်း
Found!သက်ကြီးရွယ်အိ်ု	သက်ကြီးရွယ်အို
Found!သက်ဉီးဆံပိုင်	သက်ဦးဆံပိုင်
Found!သောက်စားချင်တိ်ုင်း	သောက်စားချင်တိုင်း
Found!သောက်တလွဲံ	သောက်တလွဲ
Found!တင်ခိုင်းစေချင်တယ်	သင်ခိုင်းစေချင်တယ်
Found!သင်တန်းသားတွေံ	သင်တန်းသားတွေ
Found!သင်ဖြူ းဖျာကလေး	သင်ဖြူးဖျာကလေး
Found!သီးခံပေးပါဦး	သည်းခံပေးပါဦး
Found!သန် းပေါင် းများစွာ	သန်းပေါင်းများစွာ
Found!သိန်းတထောင်ကျော်	သိန်းတစ်ထောင်ကျော်
Found!သိတ်ဂရုမစိုက်ကြလို့	သိပ်ဂရုမစိုက်ကြလို့
Found!သိပံ္ပနည်းကျ 	သိပ္ပံနည်းကျ 
Found!သီမ်းဆည်းခဲ့ ပြီး 	သိမ်းဆည်းခဲ့ ပြီး 
Found!သိ်မ်းယူဖို့ 	သိမ်းယူဖို့ 
Found!သုံးလို့တို့	သုံးလို့တော့
Found!သြစတေးလျှ	သြစတေးလျ
Found!သွားတောမယ်တဲ့	သွားတော့မယ်တဲ့
Found!သွားထိ်ုင်	သွားထိုင်
Found!သွားဲရကြောင်း	သွားရဲကြောင်း
Found!သွေးကြောကျဥ်း	သွေးကြောကျဉ်း
Found!သွယ်တန်းပေးနိူင်ဆဲ	သွယ်တန်းပေးနိုင်ဆဲ
Found!ဟောပြောနေစဉ့်	ဟောပြောနေစဉ်
Found!ဟုတ်နေခဲ့တာဘဲ	ဟုတ်နေခဲ့တာပဲ
Found!အကူညီတောင်ခံတာပါ	အကူညီတောင်းခံတာပါ
Found!အကူအညီတောင်မလား	အကူအညီတောင်းမလား
Found!အကောင်အထည် ဖေါ်နေတဲ့ 	အကောင်အထည် ဖော်နေတဲ့ 
Found!အကောင်အထည် ဖောက်နိုင်ဖို့	အကောင်အထည် ဖော်နိုင်ဖို့
Found!အကောင်းဆုံးဖစ်အောင်	အကောင်းဆုံးဖြစ်အောင်
Found!အကုန်ရပီမလားတယ့်	အကုန်ရပီမလားတဲ့
Found!အကျိူးကျေးဇူး	အကျိုးကျေးဇူး
Found!အကျိုးစီးပွါး	အကျိုးစီးပွား
Found!အကျိုူးပေးမှာပါ	အကျိုးပေးမှာပါ
Found!အကျီူးပြုနေလို့ပါ	အကျိုးပြုနေလို့ပါ
Found!အကျိုးရလာဒ်	အကျိုးရလဒ်
Found!အကြုိက်ဆုံး	အကြိုက်ဆုံး
Found!အကြောင် းတွေပဲ 	အကြောင်းတွေပဲ 
Found!အကြောငး်ပြ	အကြောင်းပြ
Found!အကြောငး်မျိုးမျိုး	အကြောင်းမျိုးမျိုး
Found!အကြောင် း 	အကြောင်း 
Found!အခိ်ုင်းအစေ	အခိုင်းအစေ
Found!အချိနါကုန်သွားတယ်	အချိန်ကုန်သွားတယ်
Found!ချုပ်အခြာအာဏာ	အချုပ်အခြာအာဏာ
Found!အခွင် ့အရေး	အခွင့်အရေး
Found!အငြိုတေးထားခြင်း	အငြိုးတေးထားခြင်း
Found!အငြင်းပွါးမှု	အငြင်းပွားမှု
Found!အညင်းပွါးမှု	အငြင်းပွားမှု
Found!အဌားသုံးဖို့ဘဲ	အငှားသုံးဖို့ပဲ
Found!အစပိုင် း 	အစပိုင်း 
Found!အစား ့ 	အစား 
Found!အစိုးရတုံးက	အစိုးရတုန်းက
Found!အစွဲအလမ်းကြီးပီး	အစွဲအလမ်းကြီးပြီး
Found!အဆင်မပြေမှု့	အဆင်မပြေမှု
Found!အဆင်မပြေမှူ	အဆင်မပြေမှု
Found!အဆင်သင့် ဖစ်ပြီလား	အဆင်သင့် ဖြစ်ပြီလား
Found!အဆင့်အတန်းသိအောင်လုပ်ပြစ်လိုက်	အဆင့်အတန်းသိအောင်လုပ်ပစ်လိုက်
Found!အဆိပ်ဓါတ်ငွေ့	အဆိပ်ဓာတ်ငွေ့
Found!အဆုံးမတော့ 	အဆုံးမတော့ 
Found!အတော်များများကြ	အတော်များများက
Found!အတာ် လေးကောင် းပါတယ် 	အတော် လေးကောင်းပါတယ် 
Found!အတော် အသင် ့ 	အတော် အသင့်
Found!အတိ်ုင်ပင်ခံ	အတိုင်ပင်ခံ
Found!အတည်ပြုနိ်ုင်တဲ့	အတည်ပြုနိုင်တဲ့
Found!အတေ့်အကြုံ	အတွေ့အကြုံ
Found!အထဲမှာကိုဘဲ	အထဲမှာကိုပဲ
Found!အနားမယူမိခဲဲ့ရင် 	အနားမယူမိခဲ့ရင် 
Found!အနားယူလိုက်ပါအုံးမယ်	အနားယူလိုက်ပါဦးမယ်
Found!အနုအညွှန့် 	အနုအညွန့်
Found!ဘအနိမ့်ဆုံး	အနိမ့်ဆုံး
Found!အနှောက်အယှက်	အနှောင့်အယှက်
Found!အနှောက်အယှက်	အနှောင့်အယှက်
Found!အပျာ်အပါးတွေ	အပျော်အပါးတွေ
Found!အပြေားအဆို	အပြောအဆို
Found!မပစ်မတင်တက်ပါ	အပြစ်မတင်တတ်ပါ
Found!အပစ်မြင်ပါတော့တယ်	အပြစ်မြင်ပါတော့တယ်
Found!အဖီးကျိူးများ	အဖီးကျီးများ
Found!အဖြေရှာပေးလိမ် ့မည် 	အဖြေရှာပေးလိမ့်မည် 
Found!အဖွဲ့ငယ်ပေါင်းး	အဖွဲ့ငယ်ပေါင်း
Found!အဖွဲ ့ ဝင် 	အဖွဲ့ဝင် 
Found!အဖွဲ ့အစည်းများ	အဖွဲ့အစည်းများ
Found!အမျီုူသမီး	အမျိုးသမီး
Found!အမျိုုးသမီး	အမျိုးသမီး
Found!အမှုလိုက်ခဲတာ	အမှုလိုက်ခဲ့တာ
Found!အမိူက်မီးရိူ့စက်	အမှိုက်မီးရှို့စက်
Found!အမှောင်ကြတဲ့ညပေါ့	အမှောင်ကျတဲ့ညပေါ့
Found!အမှန်အတိ်ုင်း	အမှန်အတိုင်း
Found!အရယူပေခဲ့တဲ့	အရယူပေးခဲ့တဲ့
Found!အရေကျုံ ့ပြီ	အရေကျုံ့ပြီ
Found!အေ၇းယူနိုင်ဖို့	အရေးယူနိုင်ဖို့
Found!အရေးယူနိ်ုင်မယ့်	အရေးယူနိုင်မယ့်
Found!အရင် းနှီးနည် းတယ်	အရင်းနှီးနည်းတယ်
Found!အရင် းနှီး 	အရင်းနှီး 
Found!အရင် းအနှီးလုပ် ခိုင် းမည်	အရင်းအနှီးလုပ် ခိုင်းမည်
Found!အရောင် းအဝယ် လုပ် ခြင် း	အရောင်းအဝယ် လုပ် ခြင်း
Found!အရမ်းကျနေတပြီး	အရမ်းကျနေပြီး
Found!အရှုံးပေါ်နေစဲ	အရှုံးပေါ်နေဆဲ
Found!အလကားရနိူင်တာ	အလကားရနိုင်တာ
Found!အလင်ပြပေပါ	အလင်းပြပေးပါ
Found!အလုပ်ကိ်ု 	အလုပ်ကို
Found!အလုံုးစုံု	အလုံးစုံ
Found!အလျှော်လိုချင်တာမျိုး	အလျော်လိုချင်တာမျိုး
Found!အလွှဲသုံးစာမှုနဲ့တော့	အလွဲသုံးစားမှုနဲ့တော့
Found!အလွှဲသုံးစားလုပ်တယ်	အလွဲသုံးစားလုပ်တယ်
Found!အလွန်အကျွှံ	အလွန်အကျွံ
Found! အလှမ် းမဝေးတဲ့ 	 အလှမ်း မဝေးတဲ့ 
Found!အလှမ် းမဝေးပါစေနှင် ့	အလှမ်းမဝေးပါစေနှင့်
Found!အသေရေဖျက်မှု	အသရေဖျက်မှု
Found!အသက်မပြည်သေးတဲ့	အသက်မပြည့်သေးတဲ့
Found!အသက်ရှင်ဉီးမှာပါ	အသက်ရှင်ဦးမှာပါ
Found!အသင် းရှိသလို	အသင်းရှိသလို
Found!အသင် းလဲ ရှိသည် 	အသင်းလဲ ရှိသည် 
Found!အသိ်ုင်းအဝိုင်း	အသိုင်းအဝိုင်း
Found!အသုံးချလိုက် ခြင် း	အသုံးချလိုက် ခြင်း
Found!အာဏိသင်တွေ	အာနိသင်တွေ
Found!အာမညောင်းသရွေ ့	အာမညောင်းသရွေ့
Found!အာရုံစိုက်နိုင်တာ်	အာရုံစိုက်နိုင်တောင်
Found!အာရုံမစိုက် သင် ့ပါ	အာရုံမစိုက် သင့်ပါ
Found!အာရှနိ်ုင်ငံ	အာရှနိုင်ငံ
Found!အားပေးလှုန့်ဆော်တာမျိုး	အားပေးလှုံ့ဆော်တာမျိုး
Found!အားပေး အားမြှောက်မှု့	အားပေး အားမြှောက်မှု
Found!အားပေးအားမြောက်	အားပေးအားမြှောက်
Found!အီသီယိုးပီးယာား	အီသီယိုးပီးယား
Found!ဉီးတင်မောင်ဆွေ	ဦးတင်မောင်ဆွေ
Found!ဦးထွန်းနိူင်	ဦးထွန်းနိုင်
Found!ဦုးလေးကလဲ	ဦးလေးကလဲ
Found!အဲဒီလိုနဲ 	အဲဒီလိုနဲ့
Found!အဲ့လိုဆိူရင်ကော	အဲ့လိုဆိုရင်ကော
Found!အံ့သြတုန်လုပ်	အံ့သြတုန်လှုပ်
Found!အံ့သြဖွယ်ရာ	အံ့သြဖွယ်ရာ
Found!အံ့အားသင် ့ စရာက 	အံ့အားသင့်စရာက 
Found!ဥက ္ကလာပ	ဥက္ကလာပ
Found!အိင်္ကျီ 	အင်္ကျီ
Found!အင်တာနတ်ရှင်နောင်	အင်တာနက်ရှင်နယ်
Found!အင်တာပျူ 	အင်တာဗျူး
Found!အောင်ပွွဲဝင် 	အောင်ပွဲဝင်
Found!အောင်မြင်မှု့	အောင်မြင်မှု
Found!အိုင် ဒီယာကောင် းတွေရှိရင်	အိုင် ဒီယာကောင်းတွေရှိရင်
Found!အိုင် ဒီယာကောင် း	အိုင် ဒီယာကောင်း
Found!အစ္စလာ်မ်မစ်ဘာသာ	အစ္စလာမ်မစ်ဘာသာ
Found!အစ္စလာမ်မ်စ	အစ္စလာမ်မ်
Found!အိ်တ်ဖွင့်ပေးစာ	အိတ်ဖွင့်ပေးစာ
Found!အန္တ/ရာယ်	အန္တရာယ်
Found!အိမ ်ထောင်သည် 	အိမ်ထောင်သည် 
Found!အိမ်နီးချင်းနိ်ုင်ငံတွေ	အိမ်နီးချင်းနိုင်ငံတွေ
